2025-10-24 16:46:48.520 [info] [main] Log level: Info
2025-10-24 16:46:48.520 [info] [main] Validating found git in: "git"
2025-10-24 16:46:48.520 [info] [main] Using git "2.51.1.dirty" from "git"
2025-10-24 16:46:48.520 [info] [Model][doInitialScan] Initial repository scan started
2025-10-24 16:46:48.520 [info] > git rev-parse --show-toplevel [202ms]
2025-10-24 16:46:48.580 [info] > git rev-parse --git-dir --git-common-dir --show-superproject-working-tree [96ms]
2025-10-24 16:46:48.721 [info] [Model][openRepository] Opened repository (path): /home/devm4n/Manav-Code/fullstack-projects/snipode
2025-10-24 16:46:48.722 [info] [Model][openRepository] Opened repository (real path): /home/devm4n/Manav-Code/fullstack-projects/snipode
2025-10-24 16:46:48.722 [info] [Model][openRepository] Opened repository (kind): repository
2025-10-24 16:46:48.783 [info] > git rev-parse --show-toplevel [22ms]
2025-10-24 16:46:48.794 [info] > git config --get commit.template [48ms]
2025-10-24 16:46:48.888 [info] > git rev-parse --show-toplevel [45ms]
2025-10-24 16:46:48.907 [info] > git rev-parse --show-toplevel [7ms]
2025-10-24 16:46:48.931 [info] > git rev-parse --show-toplevel [3ms]
2025-10-24 16:46:48.933 [info] [Model][doInitialScan] Initial repository scan completed - repositories (1), closed repositories (0), parent repositories (0), unsafe repositories (0)
2025-10-24 16:46:48.961 [info] > git for-each-ref --format=%(refname)%00%(upstream:short)%00%(objectname)%00%(upstream:track)%00%(upstream:remotename)%00%(upstream:remoteref) refs/heads/master refs/remotes/master [83ms]
2025-10-24 16:46:49.049 [info] > git status -z -uall [50ms]
2025-10-24 16:46:49.076 [info] > git for-each-ref --sort -committerdate --format %(refname)%00%(objectname)%00%(*objectname) [30ms]
2025-10-24 16:46:49.284 [info] > git for-each-ref --format=%(refname)%00%(upstream:short)%00%(objectname)%00%(upstream:track)%00%(upstream:remotename)%00%(upstream:remoteref) refs/heads/master refs/remotes/master [53ms]
2025-10-24 16:46:49.525 [info] > git config --get --local branch.master.vscode-merge-base [201ms]
2025-10-24 16:46:49.525 [warning] [Git][config] git config failed: Failed to execute git
2025-10-24 16:46:49.543 [info] > git config --get commit.template [265ms]
2025-10-24 16:46:49.592 [info] > git reflog master --grep-reflog=branch: Created from *. [50ms]
2025-10-24 16:46:49.665 [info] > git check-ignore -v -z --stdin [35ms]
2025-10-24 16:46:49.668 [info] > git symbolic-ref --short refs/remotes/origin/HEAD [67ms]
2025-10-24 16:46:49.668 [info] fatal: ref refs/remotes/origin/HEAD is not a symbolic ref
2025-10-24 16:46:49.668 [warning] [Repository][getDefaultBranch] Failed to get default branch details: Failed to execute git.
2025-10-24 16:46:50.680 [info] > git merge-base refs/heads/master refs/remotes/origin/master [985ms]
2025-10-24 16:46:50.703 [info] > git for-each-ref --format=%(refname)%00%(upstream:short)%00%(objectname)%00%(upstream:track)%00%(upstream:remotename)%00%(upstream:remoteref) refs/heads/master refs/remotes/master [1043ms]
2025-10-24 16:46:50.881 [info] > git diff --name-status -z --diff-filter=ADMR b2a608af0341e767c6a785bcc851e7893cb1ce7d...refs/remotes/origin/master [179ms]
2025-10-24 16:46:50.962 [info] > git show --textconv :backend/snippet/models.py [65ms]
2025-10-24 16:46:50.962 [info] > git ls-files --stage -- backend/snippet/models.py [41ms]
2025-10-24 16:46:50.991 [info] > git cat-file -s 2aa483f01b267d12123049bc6f33eacbb9d21cff [17ms]
2025-10-24 16:46:51.064 [info] > git status -z -uall [33ms]
2025-10-24 16:46:51.064 [info] > git for-each-ref --sort -committerdate --format %(refname)%00%(objectname)%00%(*objectname) [20ms]
2025-10-24 16:46:51.577 [info] > git blame --root --incremental b2a608af0341e767c6a785bcc851e7893cb1ce7d -- backend/snippet/models.py [139ms]
2025-10-24 16:47:19.482 [info] > git check-ignore -v -z --stdin [5ms]
2025-10-24 16:47:22.605 [info] > git check-ignore -v -z --stdin [3ms]
2025-10-24 16:47:27.108 [info] > git show --textconv :frontend/src/App.jsx [38ms]
2025-10-24 16:47:27.123 [info] > git ls-files --stage -- frontend/src/App.jsx [21ms]
2025-10-24 16:47:27.154 [info] > git cat-file -s f67355ae04c4000eef464262481f6b02daa50789 [5ms]
2025-10-24 16:47:28.509 [info] > git blame --root --incremental b2a608af0341e767c6a785bcc851e7893cb1ce7d -- frontend/src/App.jsx [15ms]
2025-10-24 16:49:32.672 [info] > git show --textconv :frontend/src/App.jsx [38ms]
2025-10-24 16:49:32.693 [info] > git ls-files --stage -- frontend/src/App.jsx [22ms]
2025-10-24 16:49:32.736 [info] > git cat-file -s f67355ae04c4000eef464262481f6b02daa50789 [15ms]
2025-10-24 16:49:51.061 [info] > git config --get commit.template [20ms]
2025-10-24 16:49:51.067 [info] > git for-each-ref --format=%(refname)%00%(upstream:short)%00%(objectname)%00%(upstream:track)%00%(upstream:remotename)%00%(upstream:remoteref) refs/heads/master refs/remotes/master [11ms]
2025-10-24 16:49:51.124 [info] > git status -z -uall [30ms]
2025-10-24 16:49:51.127 [info] > git for-each-ref --sort -committerdate --format %(refname)%00%(objectname)%00%(*objectname) [9ms]
2025-10-24 16:49:51.537 [info] > git show --textconv :frontend/src/App.jsx [25ms]
2025-10-24 16:49:51.544 [info] > git ls-files --stage -- frontend/src/App.jsx [8ms]
2025-10-24 16:49:51.587 [info] > git cat-file -s f67355ae04c4000eef464262481f6b02daa50789 [8ms]
2025-10-24 16:51:19.298 [info] > git config --get commit.template [237ms]
2025-10-24 16:51:19.393 [info] > git for-each-ref --format=%(refname)%00%(upstream:short)%00%(objectname)%00%(upstream:track)%00%(upstream:remotename)%00%(upstream:remoteref) refs/heads/master refs/remotes/master [250ms]
2025-10-24 16:51:19.442 [info] > git for-each-ref --sort -committerdate --format %(refname)%00%(objectname)%00%(*objectname) [15ms]
2025-10-24 16:51:19.509 [info] > git status -z -uall [104ms]
2025-10-24 16:51:24.559 [info] > git config --get commit.template [11ms]
2025-10-24 16:51:24.561 [info] > git for-each-ref --format=%(refname)%00%(upstream:short)%00%(objectname)%00%(upstream:track)%00%(upstream:remotename)%00%(upstream:remoteref) refs/heads/master refs/remotes/master [3ms]
2025-10-24 16:51:24.584 [info] > git status -z -uall [13ms]
2025-10-24 16:51:24.586 [info] > git for-each-ref --sort -committerdate --format %(refname)%00%(objectname)%00%(*objectname) [3ms]
2025-10-24 16:51:27.019 [info] > git show --textconv :frontend/vite.config.js [56ms]
2025-10-24 16:51:27.028 [info] > git ls-files --stage -- frontend/vite.config.js [17ms]
2025-10-24 16:51:27.079 [info] > git cat-file -s 8b0f57b91aeb45c54467e29f983a0893dc83c4d9 [17ms]
2025-10-24 16:51:36.465 [info] > git show --textconv :frontend/src/main.jsx [61ms]
2025-10-24 16:51:36.485 [info] > git ls-files --stage -- frontend/src/main.jsx [24ms]
2025-10-24 16:51:36.556 [info] > git cat-file -s b9a1a6deac8775b5598874b2bc3c7971d82cf211 [23ms]
2025-10-24 16:51:37.555 [info] > git blame --root --incremental b2a608af0341e767c6a785bcc851e7893cb1ce7d -- frontend/src/main.jsx [17ms]
2025-10-24 16:51:39.931 [info] > git config --get commit.template [20ms]
2025-10-24 16:51:39.936 [info] > git for-each-ref --format=%(refname)%00%(upstream:short)%00%(objectname)%00%(upstream:track)%00%(upstream:remotename)%00%(upstream:remoteref) refs/heads/master refs/remotes/master [6ms]
2025-10-24 16:51:39.973 [info] > git status -z -uall [19ms]
2025-10-24 16:51:39.980 [info] > git for-each-ref --sort -committerdate --format %(refname)%00%(objectname)%00%(*objectname) [9ms]
2025-10-24 16:51:59.188 [info] > git config --get commit.template [23ms]
2025-10-24 16:51:59.190 [info] > git for-each-ref --format=%(refname)%00%(upstream:short)%00%(objectname)%00%(upstream:track)%00%(upstream:remotename)%00%(upstream:remoteref) refs/heads/master refs/remotes/master [7ms]
2025-10-24 16:51:59.217 [info] > git status -z -uall [16ms]
2025-10-24 16:51:59.217 [info] > git for-each-ref --sort -committerdate --format %(refname)%00%(objectname)%00%(*objectname) [4ms]
2025-10-24 16:52:07.782 [info] > git config --get commit.template [11ms]
2025-10-24 16:52:07.784 [info] > git for-each-ref --format=%(refname)%00%(upstream:short)%00%(objectname)%00%(upstream:track)%00%(upstream:remotename)%00%(upstream:remoteref) refs/heads/master refs/remotes/master [3ms]
2025-10-24 16:52:07.807 [info] > git status -z -uall [13ms]
2025-10-24 16:52:07.810 [info] > git for-each-ref --sort -committerdate --format %(refname)%00%(objectname)%00%(*objectname) [4ms]
2025-10-24 16:53:29.206 [info] > git config --get commit.template [27ms]
2025-10-24 16:53:29.229 [info] > git for-each-ref --format=%(refname)%00%(upstream:short)%00%(objectname)%00%(upstream:track)%00%(upstream:remotename)%00%(upstream:remoteref) refs/heads/master refs/remotes/master [24ms]
2025-10-24 16:53:29.258 [info] > git status -z -uall [15ms]
2025-10-24 16:53:29.263 [info] > git for-each-ref --sort -committerdate --format %(refname)%00%(objectname)%00%(*objectname) [9ms]
2025-10-24 16:53:35.827 [info] > git show --textconv :frontend/vite.config.js [20ms]
2025-10-24 16:53:35.830 [info] > git ls-files --stage -- frontend/vite.config.js [4ms]
2025-10-24 16:53:35.846 [info] > git cat-file -s 8b0f57b91aeb45c54467e29f983a0893dc83c4d9 [5ms]
2025-10-24 16:53:36.523 [info] > git blame --root --incremental b2a608af0341e767c6a785bcc851e7893cb1ce7d -- frontend/vite.config.js [3ms]
2025-10-24 16:54:03.206 [info] > git config --get commit.template [13ms]
2025-10-24 16:54:03.208 [info] > git for-each-ref --format=%(refname)%00%(upstream:short)%00%(objectname)%00%(upstream:track)%00%(upstream:remotename)%00%(upstream:remoteref) refs/heads/master refs/remotes/master [3ms]
2025-10-24 16:54:03.230 [info] > git status -z -uall [13ms]
2025-10-24 16:54:03.233 [info] > git for-each-ref --sort -committerdate --format %(refname)%00%(objectname)%00%(*objectname) [4ms]
2025-10-24 16:54:08.051 [info] > git ls-files --stage -- frontend/src/index.css [3ms]
2025-10-24 16:54:08.067 [info] > git show --textconv :frontend/src/index.css [34ms]
2025-10-24 16:54:08.069 [info] > git cat-file -s 08a3ac9e1e5c44ce374f782d7c4fa3aa70e4c1ff [9ms]
2025-10-24 16:54:08.768 [info] > git blame --root --incremental b2a608af0341e767c6a785bcc851e7893cb1ce7d -- frontend/src/index.css [3ms]
2025-10-24 16:54:18.808 [info] > git config --get commit.template [11ms]
2025-10-24 16:54:18.809 [info] > git for-each-ref --format=%(refname)%00%(upstream:short)%00%(objectname)%00%(upstream:track)%00%(upstream:remotename)%00%(upstream:remoteref) refs/heads/master refs/remotes/master [3ms]
2025-10-24 16:54:18.832 [info] > git status -z -uall [13ms]
2025-10-24 16:54:18.835 [info] > git for-each-ref --sort -committerdate --format %(refname)%00%(objectname)%00%(*objectname) [4ms]
2025-10-24 16:54:22.056 [info] > git show --textconv :frontend/src/main.jsx [21ms]
2025-10-24 16:54:22.057 [info] > git ls-files --stage -- frontend/src/main.jsx [7ms]
2025-10-24 16:54:22.071 [info] > git cat-file -s b9a1a6deac8775b5598874b2bc3c7971d82cf211 [5ms]
2025-10-24 16:54:24.795 [info] > git config --get commit.template [11ms]
2025-10-24 16:54:24.797 [info] > git for-each-ref --format=%(refname)%00%(upstream:short)%00%(objectname)%00%(upstream:track)%00%(upstream:remotename)%00%(upstream:remoteref) refs/heads/master refs/remotes/master [3ms]
2025-10-24 16:54:24.821 [info] > git status -z -uall [14ms]
2025-10-24 16:54:24.823 [info] > git for-each-ref --sort -committerdate --format %(refname)%00%(objectname)%00%(*objectname) [4ms]
2025-10-24 16:54:39.834 [info] > git config --get commit.template [11ms]
2025-10-24 16:54:39.855 [info] > git for-each-ref --format=%(refname)%00%(upstream:short)%00%(objectname)%00%(upstream:track)%00%(upstream:remotename)%00%(upstream:remoteref) refs/heads/master refs/remotes/master [22ms]
2025-10-24 16:54:39.881 [info] > git status -z -uall [14ms]
2025-10-24 16:54:39.883 [info] > git for-each-ref --sort -committerdate --format %(refname)%00%(objectname)%00%(*objectname) [4ms]
2025-10-24 16:55:04.422 [info] > git config --get commit.template [12ms]
2025-10-24 16:55:04.423 [info] > git for-each-ref --format=%(refname)%00%(upstream:short)%00%(objectname)%00%(upstream:track)%00%(upstream:remotename)%00%(upstream:remoteref) refs/heads/master refs/remotes/master [2ms]
2025-10-24 16:55:04.468 [info] > git status -z -uall [35ms]
2025-10-24 16:55:04.469 [info] > git for-each-ref --sort -committerdate --format %(refname)%00%(objectname)%00%(*objectname) [8ms]
2025-10-24 16:55:49.540 [info] > git check-ignore -v -z --stdin [2ms]
2025-10-24 16:55:50.295 [info] > git config --get commit.template [26ms]
2025-10-24 16:55:50.296 [info] > git for-each-ref --format=%(refname)%00%(upstream:short)%00%(objectname)%00%(upstream:track)%00%(upstream:remotename)%00%(upstream:remoteref) refs/heads/master refs/remotes/master [5ms]
2025-10-24 16:55:50.334 [info] > git status -z -uall [22ms]
2025-10-24 16:55:50.348 [info] > git for-each-ref --sort -committerdate --format %(refname)%00%(objectname)%00%(*objectname) [20ms]
2025-10-24 16:56:11.351 [info] > git config --get commit.template [5ms]
2025-10-24 16:56:11.365 [info] > git for-each-ref --format=%(refname)%00%(upstream:short)%00%(objectname)%00%(upstream:track)%00%(upstream:remotename)%00%(upstream:remoteref) refs/heads/master refs/remotes/master [4ms]
2025-10-24 16:56:11.387 [info] > git status -z -uall [12ms]
2025-10-24 16:56:11.390 [info] > git for-each-ref --sort -committerdate --format %(refname)%00%(objectname)%00%(*objectname) [5ms]
2025-10-24 16:56:37.627 [info] > git config --get commit.template [37ms]
2025-10-24 16:56:37.632 [info] > git for-each-ref --format=%(refname)%00%(upstream:short)%00%(objectname)%00%(upstream:track)%00%(upstream:remotename)%00%(upstream:remoteref) refs/heads/master refs/remotes/master [10ms]
2025-10-24 16:56:37.693 [info] > git status -z -uall [38ms]
2025-10-24 16:56:37.699 [info] > git for-each-ref --sort -committerdate --format %(refname)%00%(objectname)%00%(*objectname) [9ms]
2025-10-24 16:57:47.024 [info] > git check-ignore -v -z --stdin [74ms]
2025-10-24 16:58:08.489 [info] > git check-ignore -v -z --stdin [35ms]
2025-10-24 16:58:13.891 [info] > git config --get commit.template [42ms]
2025-10-24 16:58:13.950 [info] > git for-each-ref --format=%(refname)%00%(upstream:short)%00%(objectname)%00%(upstream:track)%00%(upstream:remotename)%00%(upstream:remoteref) refs/heads/master refs/remotes/master [61ms]
2025-10-24 16:58:13.993 [info] > git for-each-ref --sort -committerdate --format %(refname)%00%(objectname)%00%(*objectname) [6ms]
2025-10-24 16:58:14.033 [info] > git status -z -uall [60ms]
2025-10-24 16:58:19.079 [info] > git config --get commit.template [13ms]
2025-10-24 16:58:19.081 [info] > git for-each-ref --format=%(refname)%00%(upstream:short)%00%(objectname)%00%(upstream:track)%00%(upstream:remotename)%00%(upstream:remoteref) refs/heads/master refs/remotes/master [3ms]
2025-10-24 16:58:19.104 [info] > git status -z -uall [13ms]
2025-10-24 16:58:19.106 [info] > git for-each-ref --sort -committerdate --format %(refname)%00%(objectname)%00%(*objectname) [4ms]
2025-10-24 16:59:34.993 [info] > git config --get commit.template [42ms]
2025-10-24 16:59:35.020 [info] > git for-each-ref --format=%(refname)%00%(upstream:short)%00%(objectname)%00%(upstream:track)%00%(upstream:remotename)%00%(upstream:remoteref) refs/heads/master refs/remotes/master [31ms]
2025-10-24 16:59:35.092 [info] > git status -z -uall [59ms]
2025-10-24 16:59:35.094 [info] > git for-each-ref --sort -committerdate --format %(refname)%00%(objectname)%00%(*objectname) [16ms]
2025-10-24 17:01:09.420 [info] > git config --get commit.template [12ms]
2025-10-24 17:01:10.122 [info] > git for-each-ref --format=%(refname)%00%(upstream:short)%00%(objectname)%00%(upstream:track)%00%(upstream:remotename)%00%(upstream:remoteref) refs/heads/master refs/remotes/master [704ms]
2025-10-24 17:01:10.302 [info] > git for-each-ref --sort -committerdate --format %(refname)%00%(objectname)%00%(*objectname) [159ms]
2025-10-24 17:01:10.635 [info] > git status -z -uall [504ms]
2025-10-24 17:01:15.580 [info] > git ls-files --stage -- backend/backend/settings.py [1659ms]
2025-10-24 17:01:17.077 [info] > git show --textconv :backend/backend/settings.py [3202ms]
2025-10-24 17:01:17.077 [info] > git cat-file -s 8f6600f0f28d13b6fd31be906ba9ce5a671ab32d [1487ms]
2025-10-24 17:01:17.539 [info] > git blame --root --incremental b2a608af0341e767c6a785bcc851e7893cb1ce7d -- backend/backend/settings.py [294ms]
2025-10-24 17:02:46.870 [info] > git config --get commit.template [34ms]
2025-10-24 17:02:46.916 [info] > git for-each-ref --format=%(refname)%00%(upstream:short)%00%(objectname)%00%(upstream:track)%00%(upstream:remotename)%00%(upstream:remoteref) refs/heads/master refs/remotes/master [51ms]
2025-10-24 17:02:46.965 [info] > git status -z -uall [29ms]
2025-10-24 17:02:46.974 [info] > git for-each-ref --sort -committerdate --format %(refname)%00%(objectname)%00%(*objectname) [17ms]
2025-10-24 17:03:08.832 [info] > git config --get commit.template [39ms]
2025-10-24 17:03:08.842 [info] > git for-each-ref --format=%(refname)%00%(upstream:short)%00%(objectname)%00%(upstream:track)%00%(upstream:remotename)%00%(upstream:remoteref) refs/heads/master refs/remotes/master [11ms]
2025-10-24 17:03:08.890 [info] > git status -z -uall [35ms]
2025-10-24 17:03:08.895 [info] > git for-each-ref --sort -committerdate --format %(refname)%00%(objectname)%00%(*objectname) [8ms]
2025-10-24 17:03:16.674 [info] > git config --get commit.template [12ms]
2025-10-24 17:03:16.676 [info] > git for-each-ref --format=%(refname)%00%(upstream:short)%00%(objectname)%00%(upstream:track)%00%(upstream:remotename)%00%(upstream:remoteref) refs/heads/master refs/remotes/master [3ms]
2025-10-24 17:03:16.701 [info] > git status -z -uall [15ms]
2025-10-24 17:03:16.704 [info] > git for-each-ref --sort -committerdate --format %(refname)%00%(objectname)%00%(*objectname) [5ms]
2025-10-24 17:03:48.186 [info] > git config --get commit.template [30ms]
2025-10-24 17:03:48.190 [info] > git for-each-ref --format=%(refname)%00%(upstream:short)%00%(objectname)%00%(upstream:track)%00%(upstream:remotename)%00%(upstream:remoteref) refs/heads/master refs/remotes/master [9ms]
2025-10-24 17:03:48.229 [info] > git status -z -uall [22ms]
2025-10-24 17:03:48.234 [info] > git for-each-ref --sort -committerdate --format %(refname)%00%(objectname)%00%(*objectname) [8ms]
2025-10-24 17:03:53.275 [info] > git config --get commit.template [16ms]
2025-10-24 17:03:53.278 [info] > git for-each-ref --format=%(refname)%00%(upstream:short)%00%(objectname)%00%(upstream:track)%00%(upstream:remotename)%00%(upstream:remoteref) refs/heads/master refs/remotes/master [5ms]
2025-10-24 17:03:53.303 [info] > git status -z -uall [15ms]
2025-10-24 17:03:53.305 [info] > git for-each-ref --sort -committerdate --format %(refname)%00%(objectname)%00%(*objectname) [4ms]
2025-10-24 17:04:05.925 [info] > git config --get commit.template [19ms]
2025-10-24 17:04:05.930 [info] > git for-each-ref --format=%(refname)%00%(upstream:short)%00%(objectname)%00%(upstream:track)%00%(upstream:remotename)%00%(upstream:remoteref) refs/heads/master refs/remotes/master [7ms]
2025-10-24 17:04:05.973 [info] > git status -z -uall [24ms]
2025-10-24 17:04:05.977 [info] > git for-each-ref --sort -committerdate --format %(refname)%00%(objectname)%00%(*objectname) [10ms]
2025-10-24 17:04:30.364 [info] > git config --get commit.template [23ms]
2025-10-24 17:04:30.375 [info] > git for-each-ref --format=%(refname)%00%(upstream:short)%00%(objectname)%00%(upstream:track)%00%(upstream:remotename)%00%(upstream:remoteref) refs/heads/master refs/remotes/master [12ms]
2025-10-24 17:04:30.465 [info] > git status -z -uall [45ms]
2025-10-24 17:04:30.474 [info] > git for-each-ref --sort -committerdate --format %(refname)%00%(objectname)%00%(*objectname) [15ms]
2025-10-24 17:04:37.114 [info] > git config --get commit.template [36ms]
2025-10-24 17:04:37.119 [info] > git for-each-ref --format=%(refname)%00%(upstream:short)%00%(objectname)%00%(upstream:track)%00%(upstream:remotename)%00%(upstream:remoteref) refs/heads/master refs/remotes/master [9ms]
2025-10-24 17:04:37.178 [info] > git status -z -uall [38ms]
2025-10-24 17:04:37.183 [info] > git for-each-ref --sort -committerdate --format %(refname)%00%(objectname)%00%(*objectname) [8ms]
2025-10-24 17:04:40.340 [info] > git show --textconv :frontend/src/main.jsx [57ms]
2025-10-24 17:04:40.345 [info] > git ls-files --stage -- frontend/src/main.jsx [12ms]
2025-10-24 17:04:40.368 [info] > git cat-file -s b9a1a6deac8775b5598874b2bc3c7971d82cf211 [8ms]
2025-10-24 17:04:41.886 [info] > git show --textconv :frontend/src/index.css [30ms]
2025-10-24 17:04:41.900 [info] > git ls-files --stage -- frontend/src/index.css [16ms]
2025-10-24 17:04:41.924 [info] > git cat-file -s 08a3ac9e1e5c44ce374f782d7c4fa3aa70e4c1ff [5ms]
2025-10-24 17:04:43.466 [info] > git show --textconv :frontend/vite.config.js [32ms]
2025-10-24 17:04:43.476 [info] > git ls-files --stage -- frontend/vite.config.js [15ms]
2025-10-24 17:04:43.493 [info] > git cat-file -s 8b0f57b91aeb45c54467e29f983a0893dc83c4d9 [4ms]
2025-10-24 17:04:44.735 [info] > git show --textconv :frontend/src/App.jsx [28ms]
2025-10-24 17:04:44.750 [info] > git ls-files --stage -- frontend/src/App.jsx [21ms]
2025-10-24 17:04:44.775 [info] > git cat-file -s f67355ae04c4000eef464262481f6b02daa50789 [10ms]
2025-10-24 17:06:57.518 [info] > git ls-files --stage -- backend/backend/urls.py [123ms]
2025-10-24 17:06:57.618 [info] > git show --textconv :backend/backend/urls.py [255ms]
2025-10-24 17:06:57.632 [info] > git cat-file -s 5bfbd279080e2ef29551f70a0ed1a32c26d23aab [18ms]
2025-10-24 17:06:57.802 [info] > git blame --root --incremental b2a608af0341e767c6a785bcc851e7893cb1ce7d -- backend/backend/urls.py [5ms]
2025-10-24 17:07:00.067 [info] > git show --textconv :frontend/src/App.jsx [20ms]
2025-10-24 17:07:00.079 [info] > git ls-files --stage -- frontend/src/App.jsx [19ms]
2025-10-24 17:07:00.100 [info] > git cat-file -s f67355ae04c4000eef464262481f6b02daa50789 [9ms]
2025-10-24 17:10:37.750 [info] > git config --get commit.template [44ms]
2025-10-24 17:10:37.848 [info] > git for-each-ref --format=%(refname)%00%(upstream:short)%00%(objectname)%00%(upstream:track)%00%(upstream:remotename)%00%(upstream:remoteref) refs/heads/master refs/remotes/master [130ms]
2025-10-24 17:10:37.873 [info] > git status -z -uall [14ms]
2025-10-24 17:10:37.904 [info] > git for-each-ref --sort -committerdate --format %(refname)%00%(objectname)%00%(*objectname) [33ms]
2025-10-24 17:12:39.426 [info] > git config --get commit.template [32ms]
2025-10-24 17:12:39.832 [info] > git for-each-ref --format=%(refname)%00%(upstream:short)%00%(objectname)%00%(upstream:track)%00%(upstream:remotename)%00%(upstream:remoteref) refs/heads/master refs/remotes/master [407ms]
2025-10-24 17:12:39.869 [info] > git for-each-ref --sort -committerdate --format %(refname)%00%(objectname)%00%(*objectname) [13ms]
2025-10-24 17:12:39.939 [info] > git status -z -uall [94ms]
2025-10-24 17:15:42.797 [info] > git config --get commit.template [4ms]
2025-10-24 17:15:42.817 [info] > git for-each-ref --format=%(refname)%00%(upstream:short)%00%(objectname)%00%(upstream:track)%00%(upstream:remotename)%00%(upstream:remoteref) refs/heads/master refs/remotes/master [5ms]
2025-10-24 17:15:42.870 [info] > git status -z -uall [39ms]
2025-10-24 17:15:42.879 [info] > git for-each-ref --sort -committerdate --format %(refname)%00%(objectname)%00%(*objectname) [13ms]
2025-10-24 17:16:05.356 [info] > git config --get commit.template [37ms]
2025-10-24 17:16:05.357 [info] > git for-each-ref --format=%(refname)%00%(upstream:short)%00%(objectname)%00%(upstream:track)%00%(upstream:remotename)%00%(upstream:remoteref) refs/heads/master refs/remotes/master [8ms]
2025-10-24 17:16:05.438 [info] > git for-each-ref --sort -committerdate --format %(refname)%00%(objectname)%00%(*objectname) [17ms]
2025-10-24 17:16:05.449 [info] > git status -z -uall [61ms]
2025-10-24 17:16:31.551 [info] > git config --get commit.template [33ms]
2025-10-24 17:16:31.556 [info] > git for-each-ref --format=%(refname)%00%(upstream:short)%00%(objectname)%00%(upstream:track)%00%(upstream:remotename)%00%(upstream:remoteref) refs/heads/master refs/remotes/master [7ms]
2025-10-24 17:16:31.591 [info] > git status -z -uall [22ms]
2025-10-24 17:16:31.596 [info] > git for-each-ref --sort -committerdate --format %(refname)%00%(objectname)%00%(*objectname) [6ms]
2025-10-24 17:18:12.997 [info] > git config --get commit.template [24ms]
2025-10-24 17:18:13.023 [info] > git for-each-ref --format=%(refname)%00%(upstream:short)%00%(objectname)%00%(upstream:track)%00%(upstream:remotename)%00%(upstream:remoteref) refs/heads/master refs/remotes/master [33ms]
2025-10-24 17:18:13.067 [info] > git status -z -uall [20ms]
2025-10-24 17:18:13.072 [info] > git for-each-ref --sort -committerdate --format %(refname)%00%(objectname)%00%(*objectname) [9ms]
2025-10-24 17:19:26.643 [info] > git config --get commit.template [35ms]
2025-10-24 17:19:26.672 [info] > git for-each-ref --format=%(refname)%00%(upstream:short)%00%(objectname)%00%(upstream:track)%00%(upstream:remotename)%00%(upstream:remoteref) refs/heads/master refs/remotes/master [30ms]
2025-10-24 17:19:26.730 [info] > git status -z -uall [28ms]
2025-10-24 17:19:26.734 [info] > git for-each-ref --sort -committerdate --format %(refname)%00%(objectname)%00%(*objectname) [9ms]
2025-10-24 17:19:37.125 [info] > git config --get commit.template [21ms]
2025-10-24 17:19:37.128 [info] > git for-each-ref --format=%(refname)%00%(upstream:short)%00%(objectname)%00%(upstream:track)%00%(upstream:remotename)%00%(upstream:remoteref) refs/heads/master refs/remotes/master [4ms]
2025-10-24 17:19:37.194 [info] > git status -z -uall [30ms]
2025-10-24 17:19:37.199 [info] > git for-each-ref --sort -committerdate --format %(refname)%00%(objectname)%00%(*objectname) [12ms]
2025-10-24 17:20:16.224 [info] > git config --get commit.template [4ms]
2025-10-24 17:20:16.237 [info] > git for-each-ref --format=%(refname)%00%(upstream:short)%00%(objectname)%00%(upstream:track)%00%(upstream:remotename)%00%(upstream:remoteref) refs/heads/master refs/remotes/master [4ms]
2025-10-24 17:20:16.266 [info] > git status -z -uall [17ms]
2025-10-24 17:20:16.270 [info] > git for-each-ref --sort -committerdate --format %(refname)%00%(objectname)%00%(*objectname) [5ms]
2025-10-24 17:20:37.352 [info] > git ls-files --stage -- backend/snippet/views.py [7ms]
2025-10-24 17:20:37.529 [info] > git cat-file -s 92fd67c3da02f4106f3199849d4784916ee20a71 [164ms]
2025-10-24 17:20:37.588 [info] > git show --textconv :backend/snippet/views.py [282ms]
2025-10-24 17:20:37.944 [info] > git blame --root --incremental b2a608af0341e767c6a785bcc851e7893cb1ce7d -- backend/snippet/views.py [233ms]
2025-10-24 17:20:40.202 [info] > git show --textconv :frontend/src/App.jsx [23ms]
2025-10-24 17:20:40.208 [info] > git ls-files --stage -- frontend/src/App.jsx [11ms]
2025-10-24 17:20:40.231 [info] > git cat-file -s f67355ae04c4000eef464262481f6b02daa50789 [3ms]
2025-10-24 17:20:42.584 [info] > git show --textconv :backend/backend/urls.py [21ms]
2025-10-24 17:20:42.590 [info] > git ls-files --stage -- backend/backend/urls.py [9ms]
2025-10-24 17:20:42.627 [info] > git cat-file -s 5bfbd279080e2ef29551f70a0ed1a32c26d23aab [10ms]
2025-10-24 17:20:51.395 [info] > git show --textconv :frontend/src/App.jsx [68ms]
2025-10-24 17:20:51.419 [info] > git ls-files --stage -- frontend/src/App.jsx [42ms]
2025-10-24 17:20:51.455 [info] > git cat-file -s f67355ae04c4000eef464262481f6b02daa50789 [14ms]
2025-10-24 17:21:07.404 [info] > git config --get commit.template [50ms]
2025-10-24 17:21:07.417 [info] > git for-each-ref --format=%(refname)%00%(upstream:short)%00%(objectname)%00%(upstream:track)%00%(upstream:remotename)%00%(upstream:remoteref) refs/heads/master refs/remotes/master [13ms]
2025-10-24 17:21:07.462 [info] > git status -z -uall [16ms]
2025-10-24 17:21:07.469 [info] > git for-each-ref --sort -committerdate --format %(refname)%00%(objectname)%00%(*objectname) [9ms]
2025-10-24 17:21:12.035 [info] > git show --textconv :backend/backend/settings.py [27ms]
2025-10-24 17:21:12.039 [info] > git ls-files --stage -- backend/backend/settings.py [7ms]
2025-10-24 17:21:12.052 [info] > git cat-file -s 8f6600f0f28d13b6fd31be906ba9ce5a671ab32d [3ms]
2025-10-24 17:21:24.630 [info] > git config --get commit.template [38ms]
2025-10-24 17:21:24.634 [info] > git for-each-ref --format=%(refname)%00%(upstream:short)%00%(objectname)%00%(upstream:track)%00%(upstream:remotename)%00%(upstream:remoteref) refs/heads/master refs/remotes/master [8ms]
2025-10-24 17:21:24.680 [info] > git status -z -uall [27ms]
2025-10-24 17:21:24.689 [info] > git for-each-ref --sort -committerdate --format %(refname)%00%(objectname)%00%(*objectname) [12ms]
2025-10-24 17:21:29.727 [info] > git config --get commit.template [12ms]
2025-10-24 17:21:29.729 [info] > git for-each-ref --format=%(refname)%00%(upstream:short)%00%(objectname)%00%(upstream:track)%00%(upstream:remotename)%00%(upstream:remoteref) refs/heads/master refs/remotes/master [3ms]
2025-10-24 17:21:29.753 [info] > git status -z -uall [13ms]
2025-10-24 17:21:29.755 [info] > git for-each-ref --sort -committerdate --format %(refname)%00%(objectname)%00%(*objectname) [4ms]
2025-10-24 17:21:37.887 [info] > git config --get commit.template [32ms]
2025-10-24 17:21:37.895 [info] > git for-each-ref --format=%(refname)%00%(upstream:short)%00%(objectname)%00%(upstream:track)%00%(upstream:remotename)%00%(upstream:remoteref) refs/heads/master refs/remotes/master [12ms]
2025-10-24 17:21:37.976 [info] > git status -z -uall [58ms]
2025-10-24 17:21:37.986 [info] > git for-each-ref --sort -committerdate --format %(refname)%00%(objectname)%00%(*objectname) [19ms]
2025-10-24 17:21:49.697 [info] > git config --get commit.template [9ms]
2025-10-24 17:21:49.725 [info] > git for-each-ref --format=%(refname)%00%(upstream:short)%00%(objectname)%00%(upstream:track)%00%(upstream:remotename)%00%(upstream:remoteref) refs/heads/master refs/remotes/master [5ms]
2025-10-24 17:21:49.779 [info] > git status -z -uall [38ms]
2025-10-24 17:21:49.787 [info] > git for-each-ref --sort -committerdate --format %(refname)%00%(objectname)%00%(*objectname) [10ms]
2025-10-24 17:21:54.837 [info] > git config --get commit.template [14ms]
2025-10-24 17:21:54.839 [info] > git for-each-ref --format=%(refname)%00%(upstream:short)%00%(objectname)%00%(upstream:track)%00%(upstream:remotename)%00%(upstream:remoteref) refs/heads/master refs/remotes/master [3ms]
2025-10-24 17:21:54.869 [info] > git status -z -uall [19ms]
2025-10-24 17:21:54.873 [info] > git for-each-ref --sort -committerdate --format %(refname)%00%(objectname)%00%(*objectname) [6ms]
2025-10-24 17:24:13.144 [info] > git show --textconv :frontend/src/App.jsx [94ms]
2025-10-24 17:24:13.145 [info] > git for-each-ref --format=%(refname)%00%(upstream:short)%00%(objectname)%00%(upstream:track)%00%(upstream:remotename)%00%(upstream:remoteref) refs/heads/master refs/remotes/master [5ms]
2025-10-24 17:24:13.145 [info] > git config --get commit.template [21ms]
2025-10-24 17:24:13.147 [info] > git ls-files --stage -- frontend/src/App.jsx [81ms]
2025-10-24 17:24:13.173 [info] > git cat-file -s f67355ae04c4000eef464262481f6b02daa50789 [6ms]
2025-10-24 17:24:13.254 [info] > git status -z -uall [41ms]
2025-10-24 17:24:13.275 [info] > git for-each-ref --sort -committerdate --format %(refname)%00%(objectname)%00%(*objectname) [29ms]
2025-10-24 17:24:18.390 [info] > git for-each-ref --format=%(refname)%00%(upstream:short)%00%(objectname)%00%(upstream:track)%00%(upstream:remotename)%00%(upstream:remoteref) refs/heads/master refs/remotes/master [8ms]
2025-10-24 17:24:18.391 [info] > git config --get commit.template [49ms]
2025-10-24 17:24:18.450 [info] > git status -z -uall [21ms]
2025-10-24 17:24:18.450 [info] > git for-each-ref --sort -committerdate --format %(refname)%00%(objectname)%00%(*objectname) [7ms]
2025-10-24 17:26:54.966 [info] > git config --get commit.template [24ms]
2025-10-24 17:26:54.967 [info] > git for-each-ref --format=%(refname)%00%(upstream:short)%00%(objectname)%00%(upstream:track)%00%(upstream:remotename)%00%(upstream:remoteref) refs/heads/master refs/remotes/master [8ms]
2025-10-24 17:26:55.010 [info] > git status -z -uall [20ms]
2025-10-24 17:26:55.016 [info] > git for-each-ref --sort -committerdate --format %(refname)%00%(objectname)%00%(*objectname) [8ms]
2025-10-24 17:27:49.676 [info] > git config --get commit.template [34ms]
2025-10-24 17:27:49.683 [info] > git for-each-ref --format=%(refname)%00%(upstream:short)%00%(objectname)%00%(upstream:track)%00%(upstream:remotename)%00%(upstream:remoteref) refs/heads/master refs/remotes/master [15ms]
2025-10-24 17:27:49.719 [info] > git status -z -uall [20ms]
2025-10-24 17:27:49.722 [info] > git for-each-ref --sort -committerdate --format %(refname)%00%(objectname)%00%(*objectname) [7ms]
2025-10-24 17:28:06.812 [info] > git config --get commit.template [43ms]
2025-10-24 17:28:06.825 [info] > git for-each-ref --format=%(refname)%00%(upstream:short)%00%(objectname)%00%(upstream:track)%00%(upstream:remotename)%00%(upstream:remoteref) refs/heads/master refs/remotes/master [17ms]
2025-10-24 17:28:06.951 [info] > git status -z -uall [61ms]
2025-10-24 17:28:06.958 [info] > git for-each-ref --sort -committerdate --format %(refname)%00%(objectname)%00%(*objectname) [14ms]
2025-10-24 17:29:39.036 [info] > git config --get commit.template [33ms]
2025-10-24 17:29:39.055 [info] > git for-each-ref --format=%(refname)%00%(upstream:short)%00%(objectname)%00%(upstream:track)%00%(upstream:remotename)%00%(upstream:remoteref) refs/heads/master refs/remotes/master [21ms]
2025-10-24 17:29:39.102 [info] > git status -z -uall [23ms]
2025-10-24 17:29:39.107 [info] > git for-each-ref --sort -committerdate --format %(refname)%00%(objectname)%00%(*objectname) [7ms]
2025-10-24 17:30:12.091 [info] > git config --get commit.template [29ms]
2025-10-24 17:30:12.098 [info] > git for-each-ref --format=%(refname)%00%(upstream:short)%00%(objectname)%00%(upstream:track)%00%(upstream:remotename)%00%(upstream:remoteref) refs/heads/master refs/remotes/master [13ms]
2025-10-24 17:30:12.179 [info] > git status -z -uall [40ms]
2025-10-24 17:30:12.191 [info] > git for-each-ref --sort -committerdate --format %(refname)%00%(objectname)%00%(*objectname) [13ms]
2025-10-24 17:30:39.061 [info] > git config --get commit.template [15ms]
2025-10-24 17:30:39.064 [info] > git for-each-ref --format=%(refname)%00%(upstream:short)%00%(objectname)%00%(upstream:track)%00%(upstream:remotename)%00%(upstream:remoteref) refs/heads/master refs/remotes/master [5ms]
2025-10-24 17:30:39.088 [info] > git status -z -uall [14ms]
2025-10-24 17:30:39.090 [info] > git for-each-ref --sort -committerdate --format %(refname)%00%(objectname)%00%(*objectname) [4ms]
2025-10-24 17:30:42.106 [info] > git show --textconv :backend/backend/settings.py [36ms]
2025-10-24 17:30:42.114 [info] > git ls-files --stage -- backend/backend/settings.py [10ms]
2025-10-24 17:30:42.131 [info] > git cat-file -s 8f6600f0f28d13b6fd31be906ba9ce5a671ab32d [7ms]
2025-10-24 17:31:23.109 [info] > git show --textconv :backend/backend/settings.py [51ms]
2025-10-24 17:31:23.129 [info] > git ls-files --stage -- backend/backend/settings.py [38ms]
2025-10-24 17:31:23.180 [info] > git cat-file -s 8f6600f0f28d13b6fd31be906ba9ce5a671ab32d [22ms]
2025-10-24 17:32:34.930 [info] > git show --textconv :frontend/src/App.jsx [19ms]
2025-10-24 17:32:34.957 [info] > git ls-files --stage -- frontend/src/App.jsx [28ms]
2025-10-24 17:32:34.980 [info] > git cat-file -s f67355ae04c4000eef464262481f6b02daa50789 [6ms]
2025-10-24 17:35:55.747 [info] > git config --get commit.template [21ms]
2025-10-24 17:35:55.835 [info] > git for-each-ref --format=%(refname)%00%(upstream:short)%00%(objectname)%00%(upstream:track)%00%(upstream:remotename)%00%(upstream:remoteref) refs/heads/master refs/remotes/master [40ms]
2025-10-24 17:35:55.841 [info] > git ls-files --stage -- frontend/src/App.jsx [9ms]
2025-10-24 17:35:55.899 [info] > git status -z -uall [25ms]
2025-10-24 17:35:55.902 [info] > git cat-file -s a5c00fa8dd4fca37d37721bce72e1c2df32eab00 [47ms]
2025-10-24 17:35:55.907 [info] > git for-each-ref --sort -committerdate --format %(refname)%00%(objectname)%00%(*objectname) [12ms]
2025-10-24 17:35:55.966 [info] > git merge-base refs/heads/master refs/remotes/origin/master [6ms]
2025-10-24 17:35:55.986 [info] > git blame --root --incremental 4cd0f53ec1e70f240191ce2db2e47de81553e5bd -- frontend/src/App.jsx [47ms]
2025-10-24 17:35:56.020 [info] > git show --textconv :frontend/src/App.jsx [11ms]
2025-10-24 17:35:56.022 [info] > git diff --name-status -z --diff-filter=ADMR 4cd0f53ec1e70f240191ce2db2e47de81553e5bd...refs/remotes/origin/master [36ms]
