2025-10-27 00:39:56.941 [info] [main] Log level: Info
2025-10-27 00:39:56.941 [info] [main] Validating found git in: "git"
2025-10-27 00:39:56.941 [info] [main] Using git "2.51.1.dirty" from "git"
2025-10-27 00:39:56.941 [info] [Model][doInitialScan] Initial repository scan started
2025-10-27 00:39:56.941 [info] > git rev-parse --show-toplevel [105ms]
2025-10-27 00:39:56.941 [info] > git rev-parse --git-dir --git-common-dir --show-superproject-working-tree [50ms]
2025-10-27 00:39:56.941 [info] [Model][openRepository] Opened repository (path): /home/devm4n/Manav-Code/Quotify
2025-10-27 00:39:56.941 [info] [Model][openRepository] Opened repository (real path): /home/devm4n/Manav-Code/Quotify
2025-10-27 00:39:56.941 [info] [Model][openRepository] Opened repository (kind): repository
2025-10-27 00:39:56.996 [info] > git rev-parse --show-toplevel [23ms]
2025-10-27 00:39:57.000 [info] > git config --get commit.template [39ms]
2025-10-27 00:39:57.060 [info] > git rev-parse --show-toplevel [39ms]
2025-10-27 00:39:57.061 [info] > git for-each-ref --format=%(refname)%00%(upstream:short)%00%(objectname)%00%(upstream:track)%00%(upstream:remotename)%00%(upstream:remoteref) refs/heads/master refs/remotes/master [26ms]
2025-10-27 00:39:57.107 [warning] [Git][revParse] Unable to read file: ENOENT: no such file or directory, open '/home/devm4n/Manav-Code/Quotify/.git/refs/remotes/origin/master'
2025-10-27 00:39:57.122 [info] > git rev-parse --show-toplevel [27ms]
2025-10-27 00:39:57.124 [info] [Model][doInitialScan] Initial repository scan completed - repositories (1), closed repositories (0), parent repositories (0), unsafe repositories (0)
2025-10-27 00:39:57.127 [info] > git rev-parse refs/remotes/origin/master [21ms]
2025-10-27 00:39:57.215 [info] > git status -z -uall [71ms]
2025-10-27 00:39:57.217 [info] > git for-each-ref --sort -committerdate --format %(refname)%00%(objectname)%00%(*objectname) [24ms]
2025-10-27 00:39:57.431 [info] > git for-each-ref --format=%(refname)%00%(upstream:short)%00%(objectname)%00%(upstream:track)%00%(upstream:remotename)%00%(upstream:remoteref) refs/heads/master refs/remotes/master [76ms]
2025-10-27 00:39:57.490 [info] > git config --get --local branch.master.vscode-merge-base [41ms]
2025-10-27 00:39:57.490 [warning] [Git][config] git config failed: Failed to execute git
2025-10-27 00:39:57.511 [info] > git config --get commit.template [81ms]
2025-10-27 00:39:57.730 [info] > git reflog master --grep-reflog=branch: Created from *. [220ms]
2025-10-27 00:39:57.780 [info] > git check-ignore -v -z --stdin [23ms]
2025-10-27 00:39:57.782 [info] > git symbolic-ref --short refs/remotes/origin/HEAD [40ms]
2025-10-27 00:39:57.792 [info] > git for-each-ref --format=%(refname)%00%(upstream:short)%00%(objectname)%00%(upstream:track)%00%(upstream:remotename)%00%(upstream:remoteref) refs/heads/master refs/remotes/master [63ms]
2025-10-27 00:39:57.817 [warning] [Git][revParse] Unable to read file: ENOENT: no such file or directory, open '/home/devm4n/Manav-Code/Quotify/.git/refs/remotes/origin/master'
2025-10-27 00:39:57.851 [info] > git rev-parse refs/remotes/origin/master [34ms]
2025-10-27 00:39:57.874 [info] > git for-each-ref --format=%(refname)%00%(upstream:short)%00%(objectname)%00%(upstream:track)%00%(upstream:remotename)%00%(upstream:remoteref) refs/heads/origin/master refs/remotes/origin/master [82ms]
2025-10-27 00:39:57.918 [info] > git status -z -uall [57ms]
2025-10-27 00:39:57.918 [info] > git for-each-ref --sort -committerdate --format %(refname)%00%(objectname)%00%(*objectname) [44ms]
2025-10-27 00:39:59.968 [info] > git config --add --local branch.master.vscode-merge-base origin/master [2079ms]
2025-10-27 00:40:00.296 [info] > git config --get commit.template [62ms]
2025-10-27 00:40:00.417 [info] > git for-each-ref --format=%(refname)%00%(upstream:short)%00%(objectname)%00%(upstream:track)%00%(upstream:remotename)%00%(upstream:remoteref) refs/heads/master refs/remotes/master [28ms]
2025-10-27 00:40:00.434 [warning] [Git][revParse] Unable to read file: ENOENT: no such file or directory, open '/home/devm4n/Manav-Code/Quotify/.git/refs/remotes/origin/master'
2025-10-27 00:40:00.438 [info] > git rev-parse refs/remotes/origin/master [4ms]
2025-10-27 00:40:00.484 [info] > git status -z -uall [35ms]
2025-10-27 00:40:00.487 [info] > git for-each-ref --sort -committerdate --format %(refname)%00%(objectname)%00%(*objectname) [14ms]
2025-10-27 00:40:00.543 [info] > git merge-base refs/heads/master refs/remotes/origin/master [9ms]
2025-10-27 00:40:00.561 [info] > git merge-base refs/heads/master refs/remotes/origin/master [47ms]
2025-10-27 00:40:00.587 [info] > git diff --name-status -z --diff-filter=ADMR 7be1d3745be3ed18e67848f88f7099475d645774...refs/remotes/origin/master [27ms]
2025-10-27 00:40:00.595 [info] > git diff --name-status -z --diff-filter=ADMR 7be1d3745be3ed18e67848f88f7099475d645774...refs/remotes/origin/master [11ms]
2025-10-27 00:40:08.257 [info] > git check-ignore -v -z --stdin [54ms]
2025-10-27 00:40:12.744 [info] > git check-ignore -v -z --stdin [5ms]
2025-10-27 00:40:18.666 [info] > git ls-files --stage -- backend/backend/settings.py [46ms]
2025-10-27 00:40:18.705 [info] > git show --textconv :backend/backend/settings.py [99ms]
2025-10-27 00:40:18.714 [info] > git cat-file -s 374e195389b262e10a790e08125fa526f889d54f [13ms]
2025-10-27 00:41:49.667 [info] > git for-each-ref --format=%(refname)%00%(upstream:short)%00%(objectname)%00%(upstream:track)%00%(upstream:remotename)%00%(upstream:remoteref) refs/heads/master refs/remotes/master [181ms]
2025-10-27 00:41:49.667 [info] > git config --get commit.template [232ms]
2025-10-27 00:41:49.720 [warning] [Git][revParse] Unable to read file: ENOENT: no such file or directory, open '/home/devm4n/Manav-Code/Quotify/.git/refs/remotes/origin/master'
2025-10-27 00:41:49.730 [info] > git rev-parse refs/remotes/origin/master [10ms]
2025-10-27 00:41:49.898 [info] > git for-each-ref --sort -committerdate --format %(refname)%00%(objectname)%00%(*objectname) [75ms]
2025-10-27 00:41:49.938 [info] > git status -z -uall [164ms]
2025-10-27 00:43:55.847 [info] > git config --get commit.template [41ms]
2025-10-27 00:43:55.875 [info] > git for-each-ref --format=%(refname)%00%(upstream:short)%00%(objectname)%00%(upstream:track)%00%(upstream:remotename)%00%(upstream:remoteref) refs/heads/master refs/remotes/master [29ms]
2025-10-27 00:43:55.894 [warning] [Git][revParse] Unable to read file: ENOENT: no such file or directory, open '/home/devm4n/Manav-Code/Quotify/.git/refs/remotes/origin/master'
2025-10-27 00:43:55.897 [info] > git rev-parse refs/remotes/origin/master [3ms]
2025-10-27 00:43:55.957 [info] > git for-each-ref --sort -committerdate --format %(refname)%00%(objectname)%00%(*objectname) [37ms]
2025-10-27 00:43:55.971 [info] > git status -z -uall [63ms]
2025-10-27 00:44:01.030 [info] > git config --get commit.template [14ms]
2025-10-27 00:44:01.031 [info] > git for-each-ref --format=%(refname)%00%(upstream:short)%00%(objectname)%00%(upstream:track)%00%(upstream:remotename)%00%(upstream:remoteref) refs/heads/master refs/remotes/master [3ms]
2025-10-27 00:44:01.040 [warning] [Git][revParse] Unable to read file: ENOENT: no such file or directory, open '/home/devm4n/Manav-Code/Quotify/.git/refs/remotes/origin/master'
2025-10-27 00:44:01.042 [info] > git rev-parse refs/remotes/origin/master [2ms]
2025-10-27 00:44:01.081 [info] > git status -z -uall [27ms]
2025-10-27 00:44:01.087 [info] > git for-each-ref --sort -committerdate --format %(refname)%00%(objectname)%00%(*objectname) [9ms]
2025-10-27 00:44:26.739 [info] > git check-ignore -v -z --stdin [2ms]
2025-10-27 00:44:30.991 [info] > git check-ignore -v -z --stdin [3ms]
2025-10-27 00:44:34.466 [info] > git check-ignore -v -z --stdin [3ms]
2025-10-27 00:44:39.342 [info] > git show --textconv :frontend/src/components/Comments.jsx [33ms]
2025-10-27 00:44:39.344 [info] > git ls-files --stage -- frontend/src/components/Comments.jsx [15ms]
2025-10-27 00:44:39.387 [info] > git cat-file -s acea9133afb21b38bf3aebc92f3dacfa05af126f [19ms]
2025-10-27 00:45:08.791 [info] > git ls-files --stage -- frontend/src/components/Quotes.jsx [57ms]
2025-10-27 00:45:08.828 [info] > git show --textconv :frontend/src/components/Quotes.jsx [117ms]
2025-10-27 00:45:08.837 [info] > git cat-file -s 86d71010b320f615f6049376dcb79a607f1e27fa [10ms]
2025-10-27 00:45:40.826 [info] > git show --textconv :frontend/src/components/Comments.jsx [107ms]
2025-10-27 00:45:40.832 [info] > git ls-files --stage -- frontend/src/components/Comments.jsx [18ms]
2025-10-27 00:45:40.874 [info] > git cat-file -s acea9133afb21b38bf3aebc92f3dacfa05af126f [7ms]
2025-10-27 00:45:43.688 [info] > git blame --root --incremental 7be1d3745be3ed18e67848f88f7099475d645774 -- frontend/src/components/Comments.jsx [20ms]
2025-10-27 00:46:17.803 [info] > git show --textconv :backend/api/models.py [25ms]
2025-10-27 00:46:17.825 [info] > git ls-files --stage -- backend/api/models.py [29ms]
2025-10-27 00:46:17.893 [info] > git cat-file -s e362cc9f5b7ffd830d877048a47acc5fd96c819d [50ms]
2025-10-27 00:46:18.274 [info] > git check-ignore -v -z --stdin [6ms]
2025-10-27 00:46:34.548 [info] > git blame --root --incremental 7be1d3745be3ed18e67848f88f7099475d645774 -- backend/api/models.py [4ms]
2025-10-27 00:46:42.082 [info] > git show --textconv :frontend/src/components/Comments.jsx [36ms]
2025-10-27 00:46:42.087 [info] > git ls-files --stage -- frontend/src/components/Comments.jsx [9ms]
2025-10-27 00:46:42.109 [info] > git cat-file -s acea9133afb21b38bf3aebc92f3dacfa05af126f [10ms]
2025-10-27 00:46:43.788 [info] > git show --textconv :backend/api/models.py [25ms]
2025-10-27 00:46:43.792 [info] > git ls-files --stage -- backend/api/models.py [8ms]
2025-10-27 00:46:43.809 [info] > git cat-file -s e362cc9f5b7ffd830d877048a47acc5fd96c819d [4ms]
2025-10-27 00:46:50.308 [info] > git show --textconv :frontend/src/components/Comments.jsx [18ms]
2025-10-27 00:46:50.313 [info] > git ls-files --stage -- frontend/src/components/Comments.jsx [5ms]
2025-10-27 00:46:50.329 [info] > git cat-file -s acea9133afb21b38bf3aebc92f3dacfa05af126f [5ms]
2025-10-27 00:46:50.817 [info] > git show --textconv :backend/api/models.py [24ms]
2025-10-27 00:46:50.817 [info] > git ls-files --stage -- backend/api/models.py [8ms]
2025-10-27 00:46:50.845 [info] > git cat-file -s e362cc9f5b7ffd830d877048a47acc5fd96c819d [9ms]
2025-10-27 00:46:59.699 [info] > git show --textconv :frontend/src/components/Comments.jsx [29ms]
2025-10-27 00:46:59.706 [info] > git ls-files --stage -- frontend/src/components/Comments.jsx [7ms]
2025-10-27 00:46:59.730 [info] > git cat-file -s acea9133afb21b38bf3aebc92f3dacfa05af126f [3ms]
2025-10-27 00:47:06.771 [info] > git show --textconv :backend/api/models.py [38ms]
2025-10-27 00:47:06.772 [info] > git ls-files --stage -- backend/api/models.py [8ms]
2025-10-27 00:47:06.791 [info] > git cat-file -s e362cc9f5b7ffd830d877048a47acc5fd96c819d [4ms]
2025-10-27 00:47:30.233 [info] > git show --textconv :frontend/src/components/Comments.jsx [40ms]
2025-10-27 00:47:30.249 [info] > git ls-files --stage -- frontend/src/components/Comments.jsx [17ms]
2025-10-27 00:47:30.285 [info] > git cat-file -s acea9133afb21b38bf3aebc92f3dacfa05af126f [8ms]
2025-10-27 00:47:36.771 [info] > git show --textconv :backend/api/models.py [19ms]
2025-10-27 00:47:36.782 [info] > git ls-files --stage -- backend/api/models.py [12ms]
2025-10-27 00:47:36.811 [info] > git cat-file -s e362cc9f5b7ffd830d877048a47acc5fd96c819d [13ms]
2025-10-27 00:47:38.500 [info] > git show --textconv :frontend/src/components/Comments.jsx [35ms]
2025-10-27 00:47:38.506 [info] > git ls-files --stage -- frontend/src/components/Comments.jsx [11ms]
2025-10-27 00:47:38.529 [info] > git cat-file -s acea9133afb21b38bf3aebc92f3dacfa05af126f [8ms]
2025-10-27 00:47:40.251 [info] > git show --textconv :backend/api/models.py [22ms]
2025-10-27 00:47:40.253 [info] > git ls-files --stage -- backend/api/models.py [6ms]
2025-10-27 00:47:40.276 [info] > git cat-file -s e362cc9f5b7ffd830d877048a47acc5fd96c819d [9ms]
2025-10-27 00:47:49.918 [info] > git show --textconv :frontend/src/components/Comments.jsx [31ms]
2025-10-27 00:47:49.923 [info] > git ls-files --stage -- frontend/src/components/Comments.jsx [11ms]
2025-10-27 00:47:49.943 [info] > git cat-file -s acea9133afb21b38bf3aebc92f3dacfa05af126f [8ms]
2025-10-27 00:50:54.323 [info] > git config --get commit.template [15ms]
2025-10-27 00:50:54.408 [info] > git for-each-ref --format=%(refname)%00%(upstream:short)%00%(objectname)%00%(upstream:track)%00%(upstream:remotename)%00%(upstream:remoteref) refs/heads/master refs/remotes/master [5ms]
2025-10-27 00:50:54.424 [warning] [Git][revParse] Unable to read file: ENOENT: no such file or directory, open '/home/devm4n/Manav-Code/Quotify/.git/refs/remotes/origin/master'
2025-10-27 00:50:54.426 [info] > git rev-parse refs/remotes/origin/master [2ms]
2025-10-27 00:50:54.493 [info] > git for-each-ref --sort -committerdate --format %(refname)%00%(objectname)%00%(*objectname) [34ms]
2025-10-27 00:50:54.502 [info] > git status -z -uall [61ms]
2025-10-27 00:50:59.540 [info] > git config --get commit.template [12ms]
2025-10-27 00:50:59.542 [info] > git for-each-ref --format=%(refname)%00%(upstream:short)%00%(objectname)%00%(upstream:track)%00%(upstream:remotename)%00%(upstream:remoteref) refs/heads/master refs/remotes/master [5ms]
2025-10-27 00:50:59.558 [warning] [Git][revParse] Unable to read file: ENOENT: no such file or directory, open '/home/devm4n/Manav-Code/Quotify/.git/refs/remotes/origin/master'
2025-10-27 00:50:59.566 [info] > git rev-parse refs/remotes/origin/master [5ms]
2025-10-27 00:50:59.600 [info] > git status -z -uall [21ms]
2025-10-27 00:50:59.603 [info] > git for-each-ref --sort -committerdate --format %(refname)%00%(objectname)%00%(*objectname) [5ms]
2025-10-27 00:53:37.258 [info] > git config --get commit.template [49ms]
2025-10-27 00:53:37.264 [info] > git for-each-ref --format=%(refname)%00%(upstream:short)%00%(objectname)%00%(upstream:track)%00%(upstream:remotename)%00%(upstream:remoteref) refs/heads/master refs/remotes/master [14ms]
2025-10-27 00:53:37.298 [warning] [Git][revParse] Unable to read file: ENOENT: no such file or directory, open '/home/devm4n/Manav-Code/Quotify/.git/refs/remotes/origin/master'
2025-10-27 00:53:37.309 [info] > git rev-parse refs/remotes/origin/master [11ms]
2025-10-27 00:53:37.400 [info] > git status -z -uall [68ms]
2025-10-27 00:53:37.417 [info] > git for-each-ref --sort -committerdate --format %(refname)%00%(objectname)%00%(*objectname) [65ms]
2025-10-27 00:54:45.737 [info] > git config --get commit.template [35ms]
2025-10-27 00:54:45.802 [info] > git for-each-ref --format=%(refname)%00%(upstream:short)%00%(objectname)%00%(upstream:track)%00%(upstream:remotename)%00%(upstream:remoteref) refs/heads/master refs/remotes/master [16ms]
2025-10-27 00:54:45.843 [warning] [Git][revParse] Unable to read file: ENOENT: no such file or directory, open '/home/devm4n/Manav-Code/Quotify/.git/refs/remotes/origin/master'
2025-10-27 00:54:45.848 [info] > git rev-parse refs/remotes/origin/master [6ms]
2025-10-27 00:54:45.885 [info] > git status -z -uall [23ms]
2025-10-27 00:54:45.892 [info] > git for-each-ref --sort -committerdate --format %(refname)%00%(objectname)%00%(*objectname) [11ms]
2025-10-27 00:54:51.017 [info] > git config --get commit.template [48ms]
2025-10-27 00:54:51.028 [info] > git for-each-ref --format=%(refname)%00%(upstream:short)%00%(objectname)%00%(upstream:track)%00%(upstream:remotename)%00%(upstream:remoteref) refs/heads/master refs/remotes/master [22ms]
2025-10-27 00:54:51.063 [warning] [Git][revParse] Unable to read file: ENOENT: no such file or directory, open '/home/devm4n/Manav-Code/Quotify/.git/refs/remotes/origin/master'
2025-10-27 00:54:51.076 [info] > git rev-parse refs/remotes/origin/master [13ms]
2025-10-27 00:54:51.161 [info] > git for-each-ref --sort -committerdate --format %(refname)%00%(objectname)%00%(*objectname) [48ms]
2025-10-27 00:54:51.190 [info] > git status -z -uall [98ms]
2025-10-27 00:56:08.088 [info] > git show --textconv :backend/backend/urls.py [27ms]
2025-10-27 00:56:08.101 [info] > git ls-files --stage -- backend/backend/urls.py [17ms]
2025-10-27 00:56:08.255 [info] > git cat-file -s 8b0fd147e99770355743b8cb6a01b590ca8d30d3 [120ms]
2025-10-27 00:56:24.117 [info] > git show --textconv :backend/api/views.py [36ms]
2025-10-27 00:56:24.132 [info] > git ls-files --stage -- backend/api/views.py [16ms]
2025-10-27 00:56:24.156 [info] > git cat-file -s 79438e369121c7b1138e7190115dc29ef2aa8d94 [13ms]
2025-10-27 00:56:54.923 [info] > git blame --root --incremental 7be1d3745be3ed18e67848f88f7099475d645774 -- backend/api/views.py [9ms]
2025-10-27 00:57:09.168 [info] > git show --textconv :backend/backend/settings.py [47ms]
2025-10-27 00:57:09.182 [info] > git ls-files --stage -- backend/backend/settings.py [28ms]
2025-10-27 00:57:09.209 [info] > git cat-file -s 374e195389b262e10a790e08125fa526f889d54f [6ms]
2025-10-27 00:57:09.665 [info] > git blame --root --incremental 7be1d3745be3ed18e67848f88f7099475d645774 -- backend/backend/settings.py [7ms]
2025-10-27 00:57:11.998 [info] > git show --textconv :backend/api/views.py [62ms]
2025-10-27 00:57:12.003 [info] > git ls-files --stage -- backend/api/views.py [24ms]
2025-10-27 00:57:12.068 [info] > git cat-file -s 79438e369121c7b1138e7190115dc29ef2aa8d94 [22ms]
2025-10-27 00:58:09.587 [info] > git show --textconv :backend/api/serializers.py [18ms]
2025-10-27 00:58:09.592 [info] > git ls-files --stage -- backend/api/serializers.py [7ms]
2025-10-27 00:58:09.661 [info] > git cat-file -s c2a89c2b022e5be1b5c0fa3882908272b940faa6 [52ms]
2025-10-27 00:58:14.255 [info] > git show --textconv :backend/api/views.py [55ms]
2025-10-27 00:58:14.264 [info] > git ls-files --stage -- backend/api/views.py [17ms]
2025-10-27 00:58:14.312 [info] > git cat-file -s 79438e369121c7b1138e7190115dc29ef2aa8d94 [16ms]
2025-10-27 01:00:27.338 [info] > git config --get commit.template [15ms]
2025-10-27 01:00:27.339 [info] > git for-each-ref --format=%(refname)%00%(upstream:short)%00%(objectname)%00%(upstream:track)%00%(upstream:remotename)%00%(upstream:remoteref) refs/heads/master refs/remotes/master [4ms]
2025-10-27 01:00:27.349 [warning] [Git][revParse] Unable to read file: ENOENT: no such file or directory, open '/home/devm4n/Manav-Code/Quotify/.git/refs/remotes/origin/master'
2025-10-27 01:00:27.353 [info] > git rev-parse refs/remotes/origin/master [4ms]
2025-10-27 01:00:27.411 [info] > git status -z -uall [46ms]
2025-10-27 01:00:27.414 [info] > git for-each-ref --sort -committerdate --format %(refname)%00%(objectname)%00%(*objectname) [25ms]
2025-10-27 01:00:29.660 [info] > git show --textconv :backend/backend/urls.py [25ms]
2025-10-27 01:00:29.674 [info] > git ls-files --stage -- backend/backend/urls.py [22ms]
2025-10-27 01:00:29.712 [info] > git cat-file -s 8b0fd147e99770355743b8cb6a01b590ca8d30d3 [14ms]
2025-10-27 01:00:32.221 [info] > git blame --root --incremental 7be1d3745be3ed18e67848f88f7099475d645774 -- backend/backend/urls.py [4ms]
2025-10-27 01:00:32.467 [info] > git config --get commit.template [17ms]
2025-10-27 01:00:32.469 [info] > git for-each-ref --format=%(refname)%00%(upstream:short)%00%(objectname)%00%(upstream:track)%00%(upstream:remotename)%00%(upstream:remoteref) refs/heads/master refs/remotes/master [3ms]
2025-10-27 01:00:32.482 [warning] [Git][revParse] Unable to read file: ENOENT: no such file or directory, open '/home/devm4n/Manav-Code/Quotify/.git/refs/remotes/origin/master'
2025-10-27 01:00:32.487 [info] > git rev-parse refs/remotes/origin/master [5ms]
2025-10-27 01:00:32.515 [info] > git status -z -uall [16ms]
2025-10-27 01:00:32.518 [info] > git for-each-ref --sort -committerdate --format %(refname)%00%(objectname)%00%(*objectname) [5ms]
2025-10-27 01:00:51.604 [info] > git show --textconv :backend/api/views.py [28ms]
2025-10-27 01:00:51.613 [info] > git ls-files --stage -- backend/api/views.py [10ms]
2025-10-27 01:00:51.643 [info] > git cat-file -s 79438e369121c7b1138e7190115dc29ef2aa8d94 [10ms]
2025-10-27 01:00:53.842 [info] > git show --textconv :backend/backend/urls.py [33ms]
2025-10-27 01:00:53.849 [info] > git ls-files --stage -- backend/backend/urls.py [12ms]
2025-10-27 01:00:53.891 [info] > git cat-file -s 8b0fd147e99770355743b8cb6a01b590ca8d30d3 [17ms]
2025-10-27 01:01:05.968 [info] > git show --textconv :backend/api/views.py [45ms]
2025-10-27 01:01:05.993 [info] > git ls-files --stage -- backend/api/views.py [26ms]
2025-10-27 01:01:06.078 [info] > git cat-file -s 79438e369121c7b1138e7190115dc29ef2aa8d94 [21ms]
2025-10-27 01:01:07.622 [info] > git show --textconv :backend/backend/urls.py [19ms]
2025-10-27 01:01:07.628 [info] > git ls-files --stage -- backend/backend/urls.py [7ms]
2025-10-27 01:01:07.647 [info] > git cat-file -s 8b0fd147e99770355743b8cb6a01b590ca8d30d3 [6ms]
2025-10-27 01:01:08.314 [info] > git show --textconv :backend/api/views.py [22ms]
2025-10-27 01:01:08.317 [info] > git ls-files --stage -- backend/api/views.py [5ms]
2025-10-27 01:01:08.334 [info] > git cat-file -s 79438e369121c7b1138e7190115dc29ef2aa8d94 [4ms]
2025-10-27 01:01:10.067 [info] > git show --textconv :backend/backend/urls.py [40ms]
2025-10-27 01:01:10.071 [info] > git ls-files --stage -- backend/backend/urls.py [7ms]
2025-10-27 01:01:10.091 [info] > git cat-file -s 8b0fd147e99770355743b8cb6a01b590ca8d30d3 [6ms]
2025-10-27 01:01:27.959 [info] > git config --get commit.template [12ms]
2025-10-27 01:01:27.961 [info] > git for-each-ref --format=%(refname)%00%(upstream:short)%00%(objectname)%00%(upstream:track)%00%(upstream:remotename)%00%(upstream:remoteref) refs/heads/master refs/remotes/master [3ms]
2025-10-27 01:01:27.974 [warning] [Git][revParse] Unable to read file: ENOENT: no such file or directory, open '/home/devm4n/Manav-Code/Quotify/.git/refs/remotes/origin/master'
2025-10-27 01:01:27.980 [info] > git rev-parse refs/remotes/origin/master [6ms]
2025-10-27 01:01:28.006 [info] > git status -z -uall [13ms]
2025-10-27 01:01:28.012 [info] > git for-each-ref --sort -committerdate --format %(refname)%00%(objectname)%00%(*objectname) [7ms]
2025-10-27 01:01:29.762 [info] > git show --textconv :backend/api/views.py [32ms]
2025-10-27 01:01:29.771 [info] > git ls-files --stage -- backend/api/views.py [10ms]
2025-10-27 01:01:29.800 [info] > git cat-file -s 79438e369121c7b1138e7190115dc29ef2aa8d94 [12ms]
2025-10-27 01:01:30.419 [info] > git show --textconv :backend/backend/urls.py [22ms]
2025-10-27 01:01:30.424 [info] > git ls-files --stage -- backend/backend/urls.py [6ms]
2025-10-27 01:01:30.446 [info] > git cat-file -s 8b0fd147e99770355743b8cb6a01b590ca8d30d3 [4ms]
2025-10-27 01:01:38.798 [info] > git show --textconv :backend/api/views.py [27ms]
2025-10-27 01:01:38.806 [info] > git ls-files --stage -- backend/api/views.py [10ms]
2025-10-27 01:01:38.828 [info] > git cat-file -s 79438e369121c7b1138e7190115dc29ef2aa8d94 [4ms]
2025-10-27 01:01:55.849 [info] > git config --get commit.template [6ms]
2025-10-27 01:01:55.882 [info] > git for-each-ref --format=%(refname)%00%(upstream:short)%00%(objectname)%00%(upstream:track)%00%(upstream:remotename)%00%(upstream:remoteref) refs/heads/master refs/remotes/master [16ms]
2025-10-27 01:01:55.896 [warning] [Git][revParse] Unable to read file: ENOENT: no such file or directory, open '/home/devm4n/Manav-Code/Quotify/.git/refs/remotes/origin/master'
2025-10-27 01:01:55.901 [info] > git rev-parse refs/remotes/origin/master [5ms]
2025-10-27 01:01:55.945 [info] > git status -z -uall [30ms]
2025-10-27 01:01:55.951 [info] > git for-each-ref --sort -committerdate --format %(refname)%00%(objectname)%00%(*objectname) [9ms]
2025-10-27 01:02:00.994 [info] > git config --get commit.template [17ms]
2025-10-27 01:02:00.996 [info] > git for-each-ref --format=%(refname)%00%(upstream:short)%00%(objectname)%00%(upstream:track)%00%(upstream:remotename)%00%(upstream:remoteref) refs/heads/master refs/remotes/master [6ms]
2025-10-27 01:02:01.009 [warning] [Git][revParse] Unable to read file: ENOENT: no such file or directory, open '/home/devm4n/Manav-Code/Quotify/.git/refs/remotes/origin/master'
2025-10-27 01:02:01.018 [info] > git rev-parse refs/remotes/origin/master [10ms]
2025-10-27 01:02:01.052 [info] > git status -z -uall [19ms]
2025-10-27 01:02:01.057 [info] > git for-each-ref --sort -committerdate --format %(refname)%00%(objectname)%00%(*objectname) [6ms]
2025-10-27 01:02:08.315 [info] > git config --get commit.template [21ms]
2025-10-27 01:02:08.321 [info] > git for-each-ref --format=%(refname)%00%(upstream:short)%00%(objectname)%00%(upstream:track)%00%(upstream:remotename)%00%(upstream:remoteref) refs/heads/master refs/remotes/master [10ms]
2025-10-27 01:02:08.359 [warning] [Git][revParse] Unable to read file: ENOENT: no such file or directory, open '/home/devm4n/Manav-Code/Quotify/.git/refs/remotes/origin/master'
2025-10-27 01:02:08.365 [info] > git rev-parse refs/remotes/origin/master [6ms]
2025-10-27 01:02:08.412 [info] > git status -z -uall [30ms]
2025-10-27 01:02:08.414 [info] > git for-each-ref --sort -committerdate --format %(refname)%00%(objectname)%00%(*objectname) [7ms]
2025-10-27 01:02:34.189 [info] > git config --get commit.template [32ms]
2025-10-27 01:02:34.192 [info] > git for-each-ref --format=%(refname)%00%(upstream:short)%00%(objectname)%00%(upstream:track)%00%(upstream:remotename)%00%(upstream:remoteref) refs/heads/master refs/remotes/master [12ms]
2025-10-27 01:02:34.212 [warning] [Git][revParse] Unable to read file: ENOENT: no such file or directory, open '/home/devm4n/Manav-Code/Quotify/.git/refs/remotes/origin/master'
2025-10-27 01:02:34.215 [info] > git rev-parse refs/remotes/origin/master [3ms]
2025-10-27 01:02:34.255 [info] > git status -z -uall [26ms]
2025-10-27 01:02:34.260 [info] > git for-each-ref --sort -committerdate --format %(refname)%00%(objectname)%00%(*objectname) [10ms]
2025-10-27 01:02:45.103 [info] > git config --get commit.template [15ms]
2025-10-27 01:02:45.166 [info] > git for-each-ref --format=%(refname)%00%(upstream:short)%00%(objectname)%00%(upstream:track)%00%(upstream:remotename)%00%(upstream:remoteref) refs/heads/master refs/remotes/master [21ms]
2025-10-27 01:02:45.206 [warning] [Git][revParse] Unable to read file: ENOENT: no such file or directory, open '/home/devm4n/Manav-Code/Quotify/.git/refs/remotes/origin/master'
2025-10-27 01:02:45.221 [info] > git rev-parse refs/remotes/origin/master [16ms]
2025-10-27 01:02:45.294 [info] > git status -z -uall [34ms]
2025-10-27 01:02:45.303 [info] > git for-each-ref --sort -committerdate --format %(refname)%00%(objectname)%00%(*objectname) [10ms]
2025-10-27 01:02:50.869 [info] > git show --textconv :backend/backend/urls.py [21ms]
2025-10-27 01:02:50.873 [info] > git ls-files --stage -- backend/backend/urls.py [5ms]
2025-10-27 01:02:50.894 [info] > git cat-file -s 8b0fd147e99770355743b8cb6a01b590ca8d30d3 [6ms]
2025-10-27 01:03:34.574 [info] > git config --get commit.template [41ms]
2025-10-27 01:03:34.578 [info] > git for-each-ref --format=%(refname)%00%(upstream:short)%00%(objectname)%00%(upstream:track)%00%(upstream:remotename)%00%(upstream:remoteref) refs/heads/master refs/remotes/master [5ms]
2025-10-27 01:03:34.625 [warning] [Git][revParse] Unable to read file: ENOENT: no such file or directory, open '/home/devm4n/Manav-Code/Quotify/.git/refs/remotes/origin/master'
2025-10-27 01:03:34.642 [info] > git rev-parse refs/remotes/origin/master [17ms]
2025-10-27 01:03:34.720 [info] > git status -z -uall [35ms]
2025-10-27 01:03:34.724 [info] > git for-each-ref --sort -committerdate --format %(refname)%00%(objectname)%00%(*objectname) [7ms]
2025-10-27 01:03:45.942 [info] > git config --get commit.template [47ms]
2025-10-27 01:03:45.961 [info] > git for-each-ref --format=%(refname)%00%(upstream:short)%00%(objectname)%00%(upstream:track)%00%(upstream:remotename)%00%(upstream:remoteref) refs/heads/master refs/remotes/master [22ms]
2025-10-27 01:03:45.999 [warning] [Git][revParse] Unable to read file: ENOENT: no such file or directory, open '/home/devm4n/Manav-Code/Quotify/.git/refs/remotes/origin/master'
2025-10-27 01:03:46.006 [info] > git rev-parse refs/remotes/origin/master [7ms]
2025-10-27 01:03:46.076 [info] > git status -z -uall [26ms]
2025-10-27 01:03:46.080 [info] > git for-each-ref --sort -committerdate --format %(refname)%00%(objectname)%00%(*objectname) [6ms]
2025-10-27 01:03:48.112 [info] > git show --textconv :backend/backend/settings.py [15ms]
2025-10-27 01:03:48.116 [info] > git ls-files --stage -- backend/backend/settings.py [6ms]
2025-10-27 01:03:48.140 [info] > git cat-file -s 374e195389b262e10a790e08125fa526f889d54f [6ms]
2025-10-27 01:06:19.739 [info] > git config --get commit.template [62ms]
2025-10-27 01:06:19.746 [info] > git for-each-ref --format=%(refname)%00%(upstream:short)%00%(objectname)%00%(upstream:track)%00%(upstream:remotename)%00%(upstream:remoteref) refs/heads/master refs/remotes/master [11ms]
2025-10-27 01:06:19.761 [warning] [Git][revParse] Unable to read file: ENOENT: no such file or directory, open '/home/devm4n/Manav-Code/Quotify/.git/refs/remotes/origin/master'
2025-10-27 01:06:19.772 [info] > git rev-parse refs/remotes/origin/master [11ms]
2025-10-27 01:06:19.808 [info] > git status -z -uall [17ms]
2025-10-27 01:06:19.812 [info] > git for-each-ref --sort -committerdate --format %(refname)%00%(objectname)%00%(*objectname) [6ms]
2025-10-27 01:06:50.998 [info] > git show --textconv :frontend/src/components/Quotes.jsx [32ms]
2025-10-27 01:06:51.004 [info] > git ls-files --stage -- frontend/src/components/Quotes.jsx [7ms]
2025-10-27 01:06:51.034 [info] > git cat-file -s 86d71010b320f615f6049376dcb79a607f1e27fa [5ms]
2025-10-27 01:06:53.708 [info] > git show --textconv :backend/backend/settings.py [19ms]
2025-10-27 01:06:53.717 [info] > git ls-files --stage -- backend/backend/settings.py [11ms]
2025-10-27 01:06:53.736 [info] > git cat-file -s 374e195389b262e10a790e08125fa526f889d54f [3ms]
2025-10-27 01:06:56.761 [info] > git show --textconv :frontend/src/components/Quotes.jsx [18ms]
2025-10-27 01:06:56.767 [info] > git ls-files --stage -- frontend/src/components/Quotes.jsx [7ms]
2025-10-27 01:06:56.785 [info] > git cat-file -s 86d71010b320f615f6049376dcb79a607f1e27fa [5ms]
2025-10-27 01:06:58.502 [info] > git blame --root --incremental 7be1d3745be3ed18e67848f88f7099475d645774 -- frontend/src/components/Quotes.jsx [6ms]
2025-10-27 01:07:53.158 [info] > git show --textconv :frontend/src/App.jsx [45ms]
2025-10-27 01:07:53.172 [info] > git ls-files --stage -- frontend/src/App.jsx [15ms]
2025-10-27 01:07:53.196 [info] > git cat-file -s e0a48370bddfe5b167c765b8bfa3a647d3327069 [11ms]
2025-10-27 01:08:30.567 [info] > git show --textconv :backend/backend/urls.py [21ms]
2025-10-27 01:08:30.581 [info] > git ls-files --stage -- backend/backend/urls.py [19ms]
2025-10-27 01:08:30.609 [info] > git cat-file -s 8b0fd147e99770355743b8cb6a01b590ca8d30d3 [10ms]
2025-10-27 01:09:20.327 [info] > git config --get commit.template [4ms]
2025-10-27 01:09:20.347 [info] > git for-each-ref --format=%(refname)%00%(upstream:short)%00%(objectname)%00%(upstream:track)%00%(upstream:remotename)%00%(upstream:remoteref) refs/heads/master refs/remotes/master [6ms]
2025-10-27 01:09:20.358 [warning] [Git][revParse] Unable to read file: ENOENT: no such file or directory, open '/home/devm4n/Manav-Code/Quotify/.git/refs/remotes/origin/master'
2025-10-27 01:09:20.364 [info] > git rev-parse refs/remotes/origin/master [6ms]
2025-10-27 01:09:20.398 [info] > git status -z -uall [22ms]
2025-10-27 01:09:20.402 [info] > git for-each-ref --sort -committerdate --format %(refname)%00%(objectname)%00%(*objectname) [7ms]
2025-10-27 01:09:31.764 [info] > git config --get commit.template [41ms]
2025-10-27 01:09:31.769 [info] > git for-each-ref --format=%(refname)%00%(upstream:short)%00%(objectname)%00%(upstream:track)%00%(upstream:remotename)%00%(upstream:remoteref) refs/heads/master refs/remotes/master [10ms]
2025-10-27 01:09:31.799 [warning] [Git][revParse] Unable to read file: ENOENT: no such file or directory, open '/home/devm4n/Manav-Code/Quotify/.git/refs/remotes/origin/master'
2025-10-27 01:09:31.807 [info] > git rev-parse refs/remotes/origin/master [8ms]
2025-10-27 01:09:31.872 [info] > git status -z -uall [35ms]
2025-10-27 01:09:31.879 [info] > git for-each-ref --sort -committerdate --format %(refname)%00%(objectname)%00%(*objectname) [7ms]
2025-10-27 01:09:47.737 [info] > git show --textconv :backend/api/views.py [22ms]
2025-10-27 01:09:47.746 [info] > git ls-files --stage -- backend/api/views.py [11ms]
2025-10-27 01:09:47.775 [info] > git cat-file -s 79438e369121c7b1138e7190115dc29ef2aa8d94 [7ms]
2025-10-27 01:10:00.156 [info] > git config --get commit.template [49ms]
2025-10-27 01:10:00.158 [info] > git for-each-ref --format=%(refname)%00%(upstream:short)%00%(objectname)%00%(upstream:track)%00%(upstream:remotename)%00%(upstream:remoteref) refs/heads/master refs/remotes/master [16ms]
2025-10-27 01:10:00.185 [warning] [Git][revParse] Unable to read file: ENOENT: no such file or directory, open '/home/devm4n/Manav-Code/Quotify/.git/refs/remotes/origin/master'
2025-10-27 01:10:00.192 [info] > git rev-parse refs/remotes/origin/master [8ms]
2025-10-27 01:10:00.243 [info] > git status -z -uall [29ms]
2025-10-27 01:10:00.254 [info] > git for-each-ref --sort -committerdate --format %(refname)%00%(objectname)%00%(*objectname) [15ms]
2025-10-27 01:10:40.495 [info] > git config --get commit.template [137ms]
2025-10-27 01:10:40.509 [info] > git for-each-ref --format=%(refname)%00%(upstream:short)%00%(objectname)%00%(upstream:track)%00%(upstream:remotename)%00%(upstream:remoteref) refs/heads/master refs/remotes/master [118ms]
2025-10-27 01:10:40.534 [warning] [Git][revParse] Unable to read file: ENOENT: no such file or directory, open '/home/devm4n/Manav-Code/Quotify/.git/refs/remotes/origin/master'
2025-10-27 01:10:40.544 [info] > git rev-parse refs/remotes/origin/master [10ms]
2025-10-27 01:10:40.588 [info] > git for-each-ref --sort -committerdate --format %(refname)%00%(objectname)%00%(*objectname) [5ms]
2025-10-27 01:10:40.597 [info] > git status -z -uall [34ms]
2025-10-27 01:11:16.038 [info] > git show --textconv :frontend/src/App.jsx [29ms]
2025-10-27 01:11:16.041 [info] > git ls-files --stage -- frontend/src/App.jsx [6ms]
2025-10-27 01:11:16.055 [info] > git cat-file -s e0a48370bddfe5b167c765b8bfa3a647d3327069 [3ms]
2025-10-27 01:11:33.326 [info] > git ls-files --stage -- backend/backend/urls.py [71ms]
2025-10-27 01:11:33.343 [info] > git show --textconv :backend/backend/urls.py [103ms]
2025-10-27 01:11:33.349 [info] > git cat-file -s 8b0fd147e99770355743b8cb6a01b590ca8d30d3 [7ms]
2025-10-27 01:11:37.909 [info] > git show --textconv :frontend/src/App.jsx [145ms]
2025-10-27 01:11:37.909 [info] > git ls-files --stage -- frontend/src/App.jsx [50ms]
2025-10-27 01:11:38.271 [info] > git cat-file -s e0a48370bddfe5b167c765b8bfa3a647d3327069 [300ms]
2025-10-27 01:11:42.284 [info] > git blame --root --incremental 7be1d3745be3ed18e67848f88f7099475d645774 -- frontend/src/App.jsx [9ms]
2025-10-27 01:11:58.086 [info] > git config --get commit.template [28ms]
2025-10-27 01:11:58.102 [info] > git for-each-ref --format=%(refname)%00%(upstream:short)%00%(objectname)%00%(upstream:track)%00%(upstream:remotename)%00%(upstream:remoteref) refs/heads/master refs/remotes/master [19ms]
2025-10-27 01:11:58.129 [warning] [Git][revParse] Unable to read file: ENOENT: no such file or directory, open '/home/devm4n/Manav-Code/Quotify/.git/refs/remotes/origin/master'
2025-10-27 01:11:58.134 [info] > git rev-parse refs/remotes/origin/master [5ms]
2025-10-27 01:11:58.184 [info] > git for-each-ref --sort -committerdate --format %(refname)%00%(objectname)%00%(*objectname) [5ms]
2025-10-27 01:11:58.192 [info] > git status -z -uall [31ms]
2025-10-27 01:12:55.413 [info] > git ls-files --stage -- backend/api/views.py [67ms]
2025-10-27 01:12:55.443 [info] > git show --textconv :backend/api/views.py [111ms]
2025-10-27 01:12:55.512 [info] > git cat-file -s 79438e369121c7b1138e7190115dc29ef2aa8d94 [87ms]
2025-10-27 01:14:26.944 [info] > git config --get commit.template [67ms]
2025-10-27 01:14:26.960 [info] > git for-each-ref --format=%(refname)%00%(upstream:short)%00%(objectname)%00%(upstream:track)%00%(upstream:remotename)%00%(upstream:remoteref) refs/heads/master refs/remotes/master [27ms]
2025-10-27 01:14:27.007 [warning] [Git][revParse] Unable to read file: ENOENT: no such file or directory, open '/home/devm4n/Manav-Code/Quotify/.git/refs/remotes/origin/master'
2025-10-27 01:14:27.022 [info] > git rev-parse refs/remotes/origin/master [15ms]
2025-10-27 01:14:27.117 [info] > git status -z -uall [60ms]
2025-10-27 01:14:27.128 [info] > git for-each-ref --sort -committerdate --format %(refname)%00%(objectname)%00%(*objectname) [43ms]
2025-10-27 01:14:55.684 [info] > git config --get commit.template [23ms]
2025-10-27 01:14:55.722 [info] > git for-each-ref --format=%(refname)%00%(upstream:short)%00%(objectname)%00%(upstream:track)%00%(upstream:remotename)%00%(upstream:remoteref) refs/heads/master refs/remotes/master [7ms]
2025-10-27 01:14:55.742 [warning] [Git][revParse] Unable to read file: ENOENT: no such file or directory, open '/home/devm4n/Manav-Code/Quotify/.git/refs/remotes/origin/master'
2025-10-27 01:14:55.750 [info] > git rev-parse refs/remotes/origin/master [8ms]
2025-10-27 01:14:55.809 [info] > git status -z -uall [29ms]
2025-10-27 01:14:55.818 [info] > git for-each-ref --sort -committerdate --format %(refname)%00%(objectname)%00%(*objectname) [11ms]
2025-10-27 01:15:31.917 [info] > git config --get commit.template [33ms]
2025-10-27 01:15:31.929 [info] > git for-each-ref --format=%(refname)%00%(upstream:short)%00%(objectname)%00%(upstream:track)%00%(upstream:remotename)%00%(upstream:remoteref) refs/heads/master refs/remotes/master [14ms]
2025-10-27 01:15:31.969 [warning] [Git][revParse] Unable to read file: ENOENT: no such file or directory, open '/home/devm4n/Manav-Code/Quotify/.git/refs/remotes/origin/master'
2025-10-27 01:15:31.984 [info] > git rev-parse refs/remotes/origin/master [15ms]
2025-10-27 01:15:32.047 [info] > git status -z -uall [34ms]
2025-10-27 01:15:32.064 [info] > git for-each-ref --sort -committerdate --format %(refname)%00%(objectname)%00%(*objectname) [22ms]
2025-10-27 01:15:34.461 [info] > git show --textconv :frontend/src/App.jsx [48ms]
2025-10-27 01:15:34.481 [info] > git ls-files --stage -- frontend/src/App.jsx [21ms]
2025-10-27 01:15:34.536 [info] > git cat-file -s e0a48370bddfe5b167c765b8bfa3a647d3327069 [19ms]
2025-10-27 01:17:19.768 [info] > git config --get commit.template [35ms]
2025-10-27 01:17:19.791 [info] > git for-each-ref --format=%(refname)%00%(upstream:short)%00%(objectname)%00%(upstream:track)%00%(upstream:remotename)%00%(upstream:remoteref) refs/heads/master refs/remotes/master [28ms]
2025-10-27 01:17:19.871 [warning] [Git][revParse] Unable to read file: ENOENT: no such file or directory, open '/home/devm4n/Manav-Code/Quotify/.git/refs/remotes/origin/master'
2025-10-27 01:17:19.884 [info] > git rev-parse refs/remotes/origin/master [13ms]
2025-10-27 01:17:19.929 [info] > git status -z -uall [32ms]
2025-10-27 01:17:19.936 [info] > git for-each-ref --sort -committerdate --format %(refname)%00%(objectname)%00%(*objectname) [7ms]
2025-10-27 01:17:30.495 [info] > git config --get commit.template [13ms]
2025-10-27 01:17:30.497 [info] > git for-each-ref --format=%(refname)%00%(upstream:short)%00%(objectname)%00%(upstream:track)%00%(upstream:remotename)%00%(upstream:remoteref) refs/heads/master refs/remotes/master [3ms]
2025-10-27 01:17:30.508 [warning] [Git][revParse] Unable to read file: ENOENT: no such file or directory, open '/home/devm4n/Manav-Code/Quotify/.git/refs/remotes/origin/master'
2025-10-27 01:17:30.511 [info] > git rev-parse refs/remotes/origin/master [3ms]
2025-10-27 01:17:30.542 [info] > git status -z -uall [16ms]
2025-10-27 01:17:30.545 [info] > git for-each-ref --sort -committerdate --format %(refname)%00%(objectname)%00%(*objectname) [4ms]
2025-10-27 01:18:50.232 [info] > git config --get commit.template [1ms]
2025-10-27 01:18:50.257 [info] > git for-each-ref --format=%(refname)%00%(upstream:short)%00%(objectname)%00%(upstream:track)%00%(upstream:remotename)%00%(upstream:remoteref) refs/heads/master refs/remotes/master [5ms]
2025-10-27 01:18:50.274 [warning] [Git][revParse] Unable to read file: ENOENT: no such file or directory, open '/home/devm4n/Manav-Code/Quotify/.git/refs/remotes/origin/master'
2025-10-27 01:18:50.280 [info] > git rev-parse refs/remotes/origin/master [6ms]
2025-10-27 01:18:50.349 [info] > git status -z -uall [51ms]
2025-10-27 01:18:50.355 [info] > git for-each-ref --sort -committerdate --format %(refname)%00%(objectname)%00%(*objectname) [7ms]
2025-10-27 01:18:55.393 [info] > git config --get commit.template [3ms]
2025-10-27 01:18:55.409 [info] > git for-each-ref --format=%(refname)%00%(upstream:short)%00%(objectname)%00%(upstream:track)%00%(upstream:remotename)%00%(upstream:remoteref) refs/heads/master refs/remotes/master [4ms]
2025-10-27 01:18:55.421 [warning] [Git][revParse] Unable to read file: ENOENT: no such file or directory, open '/home/devm4n/Manav-Code/Quotify/.git/refs/remotes/origin/master'
2025-10-27 01:18:55.424 [info] > git rev-parse refs/remotes/origin/master [2ms]
2025-10-27 01:18:55.451 [info] > git status -z -uall [16ms]
2025-10-27 01:18:55.457 [info] > git for-each-ref --sort -committerdate --format %(refname)%00%(objectname)%00%(*objectname) [7ms]
2025-10-27 01:19:07.289 [info] > git config --get commit.template [52ms]
2025-10-27 01:19:07.310 [info] > git for-each-ref --format=%(refname)%00%(upstream:short)%00%(objectname)%00%(upstream:track)%00%(upstream:remotename)%00%(upstream:remoteref) refs/heads/master refs/remotes/master [22ms]
2025-10-27 01:19:07.364 [warning] [Git][revParse] Unable to read file: ENOENT: no such file or directory, open '/home/devm4n/Manav-Code/Quotify/.git/refs/remotes/origin/master'
2025-10-27 01:19:07.431 [info] > git rev-parse refs/remotes/origin/master [67ms]
2025-10-27 01:19:07.544 [info] > git check-ignore -v -z --stdin [126ms]
2025-10-27 01:19:07.554 [info] > git status -z -uall [71ms]
2025-10-27 01:19:07.562 [info] > git for-each-ref --sort -committerdate --format %(refname)%00%(objectname)%00%(*objectname) [29ms]
2025-10-27 01:19:22.518 [info] > git config --get commit.template [14ms]
2025-10-27 01:19:22.521 [info] > git for-each-ref --format=%(refname)%00%(upstream:short)%00%(objectname)%00%(upstream:track)%00%(upstream:remotename)%00%(upstream:remoteref) refs/heads/master refs/remotes/master [4ms]
2025-10-27 01:19:22.532 [warning] [Git][revParse] Unable to read file: ENOENT: no such file or directory, open '/home/devm4n/Manav-Code/Quotify/.git/refs/remotes/origin/master'
2025-10-27 01:19:22.537 [info] > git rev-parse refs/remotes/origin/master [5ms]
2025-10-27 01:19:22.569 [info] > git status -z -uall [21ms]
2025-10-27 01:19:22.571 [info] > git for-each-ref --sort -committerdate --format %(refname)%00%(objectname)%00%(*objectname) [5ms]
2025-10-27 01:19:29.346 [info] > git config --get commit.template [15ms]
2025-10-27 01:19:29.355 [info] > git for-each-ref --format=%(refname)%00%(upstream:short)%00%(objectname)%00%(upstream:track)%00%(upstream:remotename)%00%(upstream:remoteref) refs/heads/master refs/remotes/master [10ms]
2025-10-27 01:19:29.377 [warning] [Git][revParse] Unable to read file: ENOENT: no such file or directory, open '/home/devm4n/Manav-Code/Quotify/.git/refs/remotes/origin/master'
2025-10-27 01:19:29.381 [info] > git rev-parse refs/remotes/origin/master [4ms]
2025-10-27 01:19:29.431 [info] > git status -z -uall [38ms]
2025-10-27 01:19:29.436 [info] > git for-each-ref --sort -committerdate --format %(refname)%00%(objectname)%00%(*objectname) [10ms]
2025-10-27 01:19:34.569 [info] > git config --get commit.template [57ms]
2025-10-27 01:19:34.593 [info] > git for-each-ref --format=%(refname)%00%(upstream:short)%00%(objectname)%00%(upstream:track)%00%(upstream:remotename)%00%(upstream:remoteref) refs/heads/master refs/remotes/master [40ms]
2025-10-27 01:19:34.615 [warning] [Git][revParse] Unable to read file: ENOENT: no such file or directory, open '/home/devm4n/Manav-Code/Quotify/.git/refs/remotes/origin/master'
2025-10-27 01:19:34.627 [info] > git rev-parse refs/remotes/origin/master [12ms]
2025-10-27 01:19:34.671 [info] > git status -z -uall [31ms]
2025-10-27 01:19:34.681 [info] > git for-each-ref --sort -committerdate --format %(refname)%00%(objectname)%00%(*objectname) [12ms]
2025-10-27 01:19:35.123 [info] > git check-ignore -v -z --stdin [6ms]
2025-10-27 01:22:46.249 [info] > git config --get commit.template [72ms]
2025-10-27 01:22:46.280 [info] > git for-each-ref --format=%(refname)%00%(upstream:short)%00%(objectname)%00%(upstream:track)%00%(upstream:remotename)%00%(upstream:remoteref) refs/heads/master refs/remotes/master [39ms]
2025-10-27 01:22:46.321 [warning] [Git][revParse] Unable to read file: ENOENT: no such file or directory, open '/home/devm4n/Manav-Code/Quotify/.git/refs/remotes/origin/master'
2025-10-27 01:22:46.332 [info] > git rev-parse refs/remotes/origin/master [11ms]
2025-10-27 01:22:46.391 [info] > git status -z -uall [29ms]
2025-10-27 01:22:46.396 [info] > git for-each-ref --sort -committerdate --format %(refname)%00%(objectname)%00%(*objectname) [6ms]
2025-10-27 01:22:50.272 [info] > git show --textconv :frontend/src/main.jsx [51ms]
2025-10-27 01:22:50.294 [info] > git ls-files --stage -- frontend/src/main.jsx [23ms]
2025-10-27 01:22:50.360 [info] > git cat-file -s 4d3b2a2f38f785ad0a4b9e181077a45355a5daba [17ms]
2025-10-27 01:22:52.355 [info] > git blame --root --incremental 7be1d3745be3ed18e67848f88f7099475d645774 -- frontend/src/main.jsx [39ms]
2025-10-27 01:23:27.434 [info] > git config --get commit.template [65ms]
2025-10-27 01:23:27.449 [info] > git for-each-ref --format=%(refname)%00%(upstream:short)%00%(objectname)%00%(upstream:track)%00%(upstream:remotename)%00%(upstream:remoteref) refs/heads/master refs/remotes/master [24ms]
2025-10-27 01:23:27.532 [warning] [Git][revParse] Unable to read file: ENOENT: no such file or directory, open '/home/devm4n/Manav-Code/Quotify/.git/refs/remotes/origin/master'
2025-10-27 01:23:27.551 [info] > git rev-parse refs/remotes/origin/master [19ms]
2025-10-27 01:23:27.665 [info] > git status -z -uall [66ms]
2025-10-27 01:23:27.675 [info] > git for-each-ref --sort -committerdate --format %(refname)%00%(objectname)%00%(*objectname) [20ms]
2025-10-27 01:28:30.695 [info] > git config --get commit.template [20ms]
2025-10-27 01:28:30.696 [info] > git for-each-ref --format=%(refname)%00%(upstream:short)%00%(objectname)%00%(upstream:track)%00%(upstream:remotename)%00%(upstream:remoteref) refs/heads/master refs/remotes/master [4ms]
2025-10-27 01:28:30.707 [warning] [Git][revParse] Unable to read file: ENOENT: no such file or directory, open '/home/devm4n/Manav-Code/Quotify/.git/refs/remotes/origin/master'
2025-10-27 01:28:30.709 [info] > git rev-parse refs/remotes/origin/master [3ms]
2025-10-27 01:28:30.742 [info] > git status -z -uall [22ms]
2025-10-27 01:28:30.750 [info] > git for-each-ref --sort -committerdate --format %(refname)%00%(objectname)%00%(*objectname) [13ms]
2025-10-27 01:28:33.698 [info] > git show --textconv :frontend/src/App.jsx [29ms]
2025-10-27 01:28:33.702 [info] > git ls-files --stage -- frontend/src/App.jsx [8ms]
2025-10-27 01:28:33.717 [info] > git cat-file -s e0a48370bddfe5b167c765b8bfa3a647d3327069 [4ms]
2025-10-27 01:28:45.677 [info] > git show --textconv :frontend/src/App.jsx [40ms]
2025-10-27 01:28:45.689 [info] > git ls-files --stage -- frontend/src/App.jsx [20ms]
2025-10-27 01:28:45.717 [info] > git cat-file -s e0a48370bddfe5b167c765b8bfa3a647d3327069 [16ms]
2025-10-27 01:30:26.539 [info] > git config --get commit.template [18ms]
2025-10-27 01:30:26.569 [info] > git for-each-ref --format=%(refname)%00%(upstream:short)%00%(objectname)%00%(upstream:track)%00%(upstream:remotename)%00%(upstream:remoteref) refs/heads/master refs/remotes/master [35ms]
2025-10-27 01:30:26.582 [warning] [Git][revParse] Unable to read file: ENOENT: no such file or directory, open '/home/devm4n/Manav-Code/Quotify/.git/refs/remotes/origin/master'
2025-10-27 01:30:26.587 [info] > git rev-parse refs/remotes/origin/master [5ms]
2025-10-27 01:30:26.649 [info] > git status -z -uall [39ms]
2025-10-27 01:30:26.653 [info] > git for-each-ref --sort -committerdate --format %(refname)%00%(objectname)%00%(*objectname) [15ms]
2025-10-27 01:30:30.796 [info] > git show --textconv :frontend/src/App.jsx [31ms]
2025-10-27 01:30:30.796 [info] > git ls-files --stage -- frontend/src/App.jsx [12ms]
2025-10-27 01:30:30.829 [info] > git cat-file -s e0a48370bddfe5b167c765b8bfa3a647d3327069 [16ms]
2025-10-27 01:31:45.324 [info] > git config --get commit.template [70ms]
2025-10-27 01:31:45.335 [info] > git for-each-ref --format=%(refname)%00%(upstream:short)%00%(objectname)%00%(upstream:track)%00%(upstream:remotename)%00%(upstream:remoteref) refs/heads/master refs/remotes/master [19ms]
2025-10-27 01:31:45.386 [warning] [Git][revParse] Unable to read file: ENOENT: no such file or directory, open '/home/devm4n/Manav-Code/Quotify/.git/refs/remotes/origin/master'
2025-10-27 01:31:45.399 [info] > git rev-parse refs/remotes/origin/master [13ms]
2025-10-27 01:31:45.481 [info] > git status -z -uall [36ms]
2025-10-27 01:31:45.484 [info] > git for-each-ref --sort -committerdate --format %(refname)%00%(objectname)%00%(*objectname) [8ms]
2025-10-27 01:33:07.164 [info] > git config --get commit.template [56ms]
2025-10-27 01:33:07.170 [info] > git for-each-ref --format=%(refname)%00%(upstream:short)%00%(objectname)%00%(upstream:track)%00%(upstream:remotename)%00%(upstream:remoteref) refs/heads/master refs/remotes/master [17ms]
2025-10-27 01:33:07.215 [warning] [Git][revParse] Unable to read file: ENOENT: no such file or directory, open '/home/devm4n/Manav-Code/Quotify/.git/refs/remotes/origin/master'
2025-10-27 01:33:07.222 [info] > git rev-parse refs/remotes/origin/master [7ms]
2025-10-27 01:33:07.329 [info] > git status -z -uall [71ms]
2025-10-27 01:33:07.329 [info] > git for-each-ref --sort -committerdate --format %(refname)%00%(objectname)%00%(*objectname) [18ms]
2025-10-27 01:33:09.059 [info] > git show --textconv :frontend/src/App.jsx [29ms]
2025-10-27 01:33:09.066 [info] > git ls-files --stage -- frontend/src/App.jsx [14ms]
2025-10-27 01:33:09.087 [info] > git cat-file -s e0a48370bddfe5b167c765b8bfa3a647d3327069 [5ms]
2025-10-27 01:33:18.684 [info] > git show --textconv :backend/backend/urls.py [43ms]
2025-10-27 01:33:18.689 [info] > git ls-files --stage -- backend/backend/urls.py [21ms]
2025-10-27 01:33:18.731 [info] > git cat-file -s 8b0fd147e99770355743b8cb6a01b590ca8d30d3 [17ms]
2025-10-27 01:35:01.148 [info] > git config --get commit.template [41ms]
2025-10-27 01:35:01.158 [info] > git for-each-ref --format=%(refname)%00%(upstream:short)%00%(objectname)%00%(upstream:track)%00%(upstream:remotename)%00%(upstream:remoteref) refs/heads/master refs/remotes/master [21ms]
2025-10-27 01:35:01.205 [warning] [Git][revParse] Unable to read file: ENOENT: no such file or directory, open '/home/devm4n/Manav-Code/Quotify/.git/refs/remotes/origin/master'
2025-10-27 01:35:01.216 [info] > git rev-parse refs/remotes/origin/master [11ms]
2025-10-27 01:35:01.309 [info] > git status -z -uall [49ms]
2025-10-27 01:35:01.320 [info] > git for-each-ref --sort -committerdate --format %(refname)%00%(objectname)%00%(*objectname) [20ms]
2025-10-27 01:35:03.501 [info] > git show --textconv :backend/backend/urls.py [58ms]
2025-10-27 01:35:03.513 [info] > git ls-files --stage -- backend/backend/urls.py [13ms]
2025-10-27 01:35:03.565 [info] > git cat-file -s 8b0fd147e99770355743b8cb6a01b590ca8d30d3 [12ms]
2025-10-27 01:35:06.370 [info] > git config --get commit.template [3ms]
2025-10-27 01:35:06.385 [info] > git for-each-ref --format=%(refname)%00%(upstream:short)%00%(objectname)%00%(upstream:track)%00%(upstream:remotename)%00%(upstream:remoteref) refs/heads/master refs/remotes/master [3ms]
2025-10-27 01:35:06.396 [warning] [Git][revParse] Unable to read file: ENOENT: no such file or directory, open '/home/devm4n/Manav-Code/Quotify/.git/refs/remotes/origin/master'
2025-10-27 01:35:06.398 [info] > git rev-parse refs/remotes/origin/master [2ms]
2025-10-27 01:35:06.431 [info] > git status -z -uall [17ms]
2025-10-27 01:35:06.435 [info] > git for-each-ref --sort -committerdate --format %(refname)%00%(objectname)%00%(*objectname) [5ms]
2025-10-27 01:36:21.989 [info] > git config --get commit.template [27ms]
2025-10-27 01:36:21.996 [info] > git for-each-ref --format=%(refname)%00%(upstream:short)%00%(objectname)%00%(upstream:track)%00%(upstream:remotename)%00%(upstream:remoteref) refs/heads/master refs/remotes/master [17ms]
2025-10-27 01:36:22.055 [warning] [Git][revParse] Unable to read file: ENOENT: no such file or directory, open '/home/devm4n/Manav-Code/Quotify/.git/refs/remotes/origin/master'
2025-10-27 01:36:22.074 [info] > git rev-parse refs/remotes/origin/master [19ms]
2025-10-27 01:36:22.130 [info] > git status -z -uall [28ms]
2025-10-27 01:36:22.135 [info] > git for-each-ref --sort -committerdate --format %(refname)%00%(objectname)%00%(*objectname) [8ms]
2025-10-27 01:36:27.176 [info] > git config --get commit.template [15ms]
2025-10-27 01:36:27.178 [info] > git for-each-ref --format=%(refname)%00%(upstream:short)%00%(objectname)%00%(upstream:track)%00%(upstream:remotename)%00%(upstream:remoteref) refs/heads/master refs/remotes/master [3ms]
2025-10-27 01:36:27.188 [warning] [Git][revParse] Unable to read file: ENOENT: no such file or directory, open '/home/devm4n/Manav-Code/Quotify/.git/refs/remotes/origin/master'
2025-10-27 01:36:27.191 [info] > git rev-parse refs/remotes/origin/master [3ms]
2025-10-27 01:36:27.221 [info] > git status -z -uall [19ms]
2025-10-27 01:36:27.228 [info] > git for-each-ref --sort -committerdate --format %(refname)%00%(objectname)%00%(*objectname) [8ms]
2025-10-27 01:36:36.254 [info] > git show --textconv :backend/backend/urls.py [18ms]
2025-10-27 01:36:36.257 [info] > git ls-files --stage -- backend/backend/urls.py [7ms]
2025-10-27 01:36:36.294 [info] > git cat-file -s 8b0fd147e99770355743b8cb6a01b590ca8d30d3 [13ms]
2025-10-27 01:37:01.139 [info] > git show --textconv :backend/api/views.py [28ms]
2025-10-27 01:37:01.142 [info] > git ls-files --stage -- backend/api/views.py [15ms]
2025-10-27 01:37:01.176 [info] > git cat-file -s 79438e369121c7b1138e7190115dc29ef2aa8d94 [10ms]
2025-10-27 01:39:01.603 [info] > git for-each-ref --format=%(refname)%00%(upstream:short)%00%(objectname)%00%(upstream:track)%00%(upstream:remotename)%00%(upstream:remoteref) refs/heads/master refs/remotes/master [17ms]
2025-10-27 01:39:01.605 [info] > git config --get commit.template [63ms]
2025-10-27 01:39:01.653 [warning] [Git][revParse] Unable to read file: ENOENT: no such file or directory, open '/home/devm4n/Manav-Code/Quotify/.git/refs/remotes/origin/master'
2025-10-27 01:39:01.670 [info] > git rev-parse refs/remotes/origin/master [17ms]
2025-10-27 01:39:01.801 [info] > git status -z -uall [74ms]
2025-10-27 01:39:01.825 [info] > git for-each-ref --sort -committerdate --format %(refname)%00%(objectname)%00%(*objectname) [41ms]
2025-10-27 01:39:06.916 [info] > git config --get commit.template [14ms]
2025-10-27 01:39:06.994 [info] > git for-each-ref --format=%(refname)%00%(upstream:short)%00%(objectname)%00%(upstream:track)%00%(upstream:remotename)%00%(upstream:remoteref) refs/heads/master refs/remotes/master [17ms]
2025-10-27 01:39:07.047 [warning] [Git][revParse] Unable to read file: ENOENT: no such file or directory, open '/home/devm4n/Manav-Code/Quotify/.git/refs/remotes/origin/master'
2025-10-27 01:39:07.071 [info] > git rev-parse refs/remotes/origin/master [24ms]
2025-10-27 01:39:07.161 [info] > git status -z -uall [57ms]
2025-10-27 01:39:07.181 [info] > git for-each-ref --sort -committerdate --format %(refname)%00%(objectname)%00%(*objectname) [39ms]
2025-10-27 01:40:57.163 [info] > git config --get commit.template [8ms]
2025-10-27 01:40:57.231 [info] > git for-each-ref --format=%(refname)%00%(upstream:short)%00%(objectname)%00%(upstream:track)%00%(upstream:remotename)%00%(upstream:remoteref) refs/heads/master refs/remotes/master [19ms]
2025-10-27 01:40:57.264 [warning] [Git][revParse] Unable to read file: ENOENT: no such file or directory, open '/home/devm4n/Manav-Code/Quotify/.git/refs/remotes/origin/master'
2025-10-27 01:40:57.273 [info] > git rev-parse refs/remotes/origin/master [9ms]
2025-10-27 01:40:57.399 [info] > git for-each-ref --sort -committerdate --format %(refname)%00%(objectname)%00%(*objectname) [64ms]
2025-10-27 01:40:57.406 [info] > git status -z -uall [99ms]
2025-10-27 01:41:02.449 [info] > git config --get commit.template [13ms]
2025-10-27 01:41:02.450 [info] > git for-each-ref --format=%(refname)%00%(upstream:short)%00%(objectname)%00%(upstream:track)%00%(upstream:remotename)%00%(upstream:remoteref) refs/heads/master refs/remotes/master [4ms]
2025-10-27 01:41:02.464 [warning] [Git][revParse] Unable to read file: ENOENT: no such file or directory, open '/home/devm4n/Manav-Code/Quotify/.git/refs/remotes/origin/master'
2025-10-27 01:41:02.466 [info] > git rev-parse refs/remotes/origin/master [3ms]
2025-10-27 01:41:02.492 [info] > git status -z -uall [14ms]
2025-10-27 01:41:02.496 [info] > git for-each-ref --sort -committerdate --format %(refname)%00%(objectname)%00%(*objectname) [5ms]
2025-10-27 01:41:05.727 [info] > git show --textconv :backend/backend/urls.py [85ms]
2025-10-27 01:41:05.734 [info] > git ls-files --stage -- backend/backend/urls.py [37ms]
2025-10-27 01:41:05.820 [info] > git cat-file -s 8b0fd147e99770355743b8cb6a01b590ca8d30d3 [24ms]
2025-10-27 01:41:14.175 [info] > git show --textconv :backend/backend/urls.py [24ms]
2025-10-27 01:41:14.184 [info] > git ls-files --stage -- backend/backend/urls.py [13ms]
2025-10-27 01:41:14.206 [info] > git cat-file -s 8b0fd147e99770355743b8cb6a01b590ca8d30d3 [9ms]
2025-10-27 01:41:17.706 [info] > git show --textconv :backend/backend/urls.py [26ms]
2025-10-27 01:41:17.716 [info] > git ls-files --stage -- backend/backend/urls.py [11ms]
2025-10-27 01:41:17.742 [info] > git cat-file -s 8b0fd147e99770355743b8cb6a01b590ca8d30d3 [12ms]
2025-10-27 01:41:27.140 [info] > git show --textconv :backend/api/views.py [23ms]
2025-10-27 01:41:27.148 [info] > git ls-files --stage -- backend/api/views.py [10ms]
2025-10-27 01:41:27.171 [info] > git cat-file -s 79438e369121c7b1138e7190115dc29ef2aa8d94 [8ms]
2025-10-27 01:41:45.944 [info] > git show --textconv :backend/backend/urls.py [24ms]
2025-10-27 01:41:45.951 [info] > git ls-files --stage -- backend/backend/urls.py [8ms]
2025-10-27 01:41:45.976 [info] > git cat-file -s 8b0fd147e99770355743b8cb6a01b590ca8d30d3 [11ms]
2025-10-27 01:42:02.659 [info] > git config --get commit.template [42ms]
2025-10-27 01:42:02.662 [info] > git for-each-ref --format=%(refname)%00%(upstream:short)%00%(objectname)%00%(upstream:track)%00%(upstream:remotename)%00%(upstream:remoteref) refs/heads/master refs/remotes/master [9ms]
2025-10-27 01:42:02.683 [warning] [Git][revParse] Unable to read file: ENOENT: no such file or directory, open '/home/devm4n/Manav-Code/Quotify/.git/refs/remotes/origin/master'
2025-10-27 01:42:02.691 [info] > git rev-parse refs/remotes/origin/master [8ms]
2025-10-27 01:42:02.763 [info] > git status -z -uall [34ms]
2025-10-27 01:42:02.767 [info] > git for-each-ref --sort -committerdate --format %(refname)%00%(objectname)%00%(*objectname) [9ms]
2025-10-27 01:42:49.629 [info] > git show --textconv :frontend/src/components/Comments.jsx [30ms]
2025-10-27 01:42:49.649 [info] > git ls-files --stage -- frontend/src/components/Comments.jsx [29ms]
2025-10-27 01:42:49.680 [info] > git cat-file -s acea9133afb21b38bf3aebc92f3dacfa05af126f [19ms]
2025-10-27 01:43:51.534 [info] > git config --get commit.template [40ms]
2025-10-27 01:43:51.564 [info] > git for-each-ref --format=%(refname)%00%(upstream:short)%00%(objectname)%00%(upstream:track)%00%(upstream:remotename)%00%(upstream:remoteref) refs/heads/master refs/remotes/master [37ms]
2025-10-27 01:43:51.624 [warning] [Git][revParse] Unable to read file: ENOENT: no such file or directory, open '/home/devm4n/Manav-Code/Quotify/.git/refs/remotes/origin/master'
2025-10-27 01:43:51.638 [info] > git rev-parse refs/remotes/origin/master [16ms]
2025-10-27 01:43:51.710 [info] > git status -z -uall [38ms]
2025-10-27 01:43:51.718 [info] > git for-each-ref --sort -committerdate --format %(refname)%00%(objectname)%00%(*objectname) [12ms]
2025-10-27 01:44:26.590 [info] > git config --get commit.template [43ms]
2025-10-27 01:44:26.610 [info] > git for-each-ref --format=%(refname)%00%(upstream:short)%00%(objectname)%00%(upstream:track)%00%(upstream:remotename)%00%(upstream:remoteref) refs/heads/master refs/remotes/master [23ms]
2025-10-27 01:44:26.654 [warning] [Git][revParse] Unable to read file: ENOENT: no such file or directory, open '/home/devm4n/Manav-Code/Quotify/.git/refs/remotes/origin/master'
2025-10-27 01:44:26.667 [info] > git rev-parse refs/remotes/origin/master [13ms]
2025-10-27 01:44:26.733 [info] > git for-each-ref --sort -committerdate --format %(refname)%00%(objectname)%00%(*objectname) [5ms]
2025-10-27 01:44:26.751 [info] > git status -z -uall [50ms]
2025-10-27 01:45:23.939 [info] > git config --get commit.template [14ms]
2025-10-27 01:45:23.940 [info] > git for-each-ref --format=%(refname)%00%(upstream:short)%00%(objectname)%00%(upstream:track)%00%(upstream:remotename)%00%(upstream:remoteref) refs/heads/master refs/remotes/master [5ms]
2025-10-27 01:45:23.953 [warning] [Git][revParse] Unable to read file: ENOENT: no such file or directory, open '/home/devm4n/Manav-Code/Quotify/.git/refs/remotes/origin/master'
2025-10-27 01:45:23.958 [info] > git rev-parse refs/remotes/origin/master [5ms]
2025-10-27 01:45:23.985 [info] > git status -z -uall [13ms]
2025-10-27 01:45:23.988 [info] > git for-each-ref --sort -committerdate --format %(refname)%00%(objectname)%00%(*objectname) [4ms]
2025-10-27 01:51:43.329 [info] > git ls-files --stage -- frontend/src/components/Comments.jsx [243ms]
2025-10-27 01:51:43.370 [info] > git config --get commit.template [217ms]
2025-10-27 01:51:43.374 [info] > git for-each-ref --format=%(refname)%00%(upstream:short)%00%(objectname)%00%(upstream:track)%00%(upstream:remotename)%00%(upstream:remoteref) refs/heads/master refs/remotes/master [142ms]
2025-10-27 01:51:43.411 [info] > git for-each-ref --sort -committerdate --format %(refname)%00%(objectname)%00%(*objectname) [8ms]
2025-10-27 01:51:43.443 [info] > git cat-file -s d71754939c7e1cce609d939650ce082feee55340 [74ms]
2025-10-27 01:51:43.482 [info] > git status -z -uall [96ms]
2025-10-27 01:51:43.482 [info] > git show --textconv :frontend/src/components/Comments.jsx [11ms]
2025-10-27 01:51:43.635 [info] > git merge-base refs/heads/master refs/remotes/origin/master [30ms]
2025-10-27 01:51:43.652 [info] > git blame --root --incremental f59d07c626444e9eb0ce1fd4c3826f9974a06938 -- frontend/src/components/Comments.jsx [73ms]
2025-10-27 01:51:43.663 [info] > git diff --name-status -z --diff-filter=ADMR f59d07c626444e9eb0ce1fd4c3826f9974a06938...refs/remotes/origin/master [11ms]
2025-10-27 01:51:48.631 [info] > git config --get commit.template [4ms]
2025-10-27 01:51:48.648 [info] > git for-each-ref --format=%(refname)%00%(upstream:short)%00%(objectname)%00%(upstream:track)%00%(upstream:remotename)%00%(upstream:remoteref) refs/heads/master refs/remotes/master [2ms]
2025-10-27 01:51:48.680 [info] > git status -z -uall [19ms]
2025-10-27 01:51:48.682 [info] > git for-each-ref --sort -committerdate --format %(refname)%00%(objectname)%00%(*objectname) [4ms]
