2025-10-23 18:12:58.876 [info] Extension host with pid 1721 started
2025-10-23 18:12:58.876 [info] Skipping acquiring lock for /home/devm4n/.config/Code - OSS/User/workspaceStorage/6c6d49e1a058d2c41fbe5016d8d016d9.
2025-10-23 18:13:00.800 [info] ExtensionService#_doActivateExtension vscode.emmet, startup: false, activationEvent: 'onLanguage'
2025-10-23 18:13:00.991 [info] ExtensionService#_doActivateExtension vscode.git-base, startup: true, activationEvent: '*', root cause: vscode.git
2025-10-23 18:13:01.009 [info] ExtensionService#_doActivateExtension dlasagno.wal-theme, startup: true, activationEvent: '*'
2025-10-23 18:13:02.286 [info] ExtensionService#_doActivateExtension vscode.git, startup: true, activationEvent: '*'
2025-10-23 18:13:02.929 [info] ExtensionService#_doActivateExtension vscode.github, startup: true, activationEvent: '*'
2025-10-23 18:13:03.812 [info] Eager extensions activated
2025-10-23 18:13:04.599 [info] ExtensionService#_doActivateExtension vscode.debug-auto-launch, startup: false, activationEvent: 'onStartupFinished'
2025-10-23 18:13:04.608 [info] ExtensionService#_doActivateExtension vscode.merge-conflict, startup: false, activationEvent: 'onStartupFinished'
2025-10-23 18:13:05.632 [info] ExtensionService#_doActivateExtension vscode.terminal-suggest, startup: false, activationEvent: 'onTerminalShellIntegration:*'
2025-10-23 18:13:52.793 [info] ExtensionService#_doActivateExtension batisteo.vscode-django, startup: false, activationEvent: 'onLanguage:python'
2025-10-23 18:17:10.952 [info] ExtensionService#_doActivateExtension ms-python.vscode-python-envs, startup: false, activationEvent: 'onLanguage:python'
2025-10-23 18:17:11.319 [info] ExtensionService#_doActivateExtension ms-python.python, startup: false, activationEvent: 'onLanguage:python', root cause: ms-python.debugpy
2025-10-23 18:17:13.097 [info] ExtensionService#_doActivateExtension ms-python.debugpy, startup: false, activationEvent: 'onLanguage:python'
2025-10-23 18:17:13.363 [error] Activating extension ms-python.debugpy failed due to an error:
2025-10-23 18:17:13.363 [error] Error: Extension 'ms-python.debugpy' CANNOT use API proposal: portsAttributes.
Its package.json#enabledApiProposals-property declares:  but NOT portsAttributes.
 The missing proposal MUST be added and you must start in extension development mode or use the following command line switch: --enable-proposed-api ms-python.debugpy
	at T (file:///usr/lib/code/out/vs/workbench/api/node/extensionHostProcess.js:108:33264)
	at Object.registerPortAttributesProvider (file:///usr/lib/code/out/vs/workbench/api/node/extensionHostProcess.js:201:124044)
	at t.registerDebugger (/home/devm4n/.vscode-oss/extensions/ms-python.debugpy-2025.14.1-linux-x64/dist/extension.js:2:862293)
	at e.activate (/home/devm4n/.vscode-oss/extensions/ms-python.debugpy-2025.14.1-linux-x64/dist/extension.js:2:1113992)
	at Py.kb (file:///usr/lib/code/out/vs/workbench/api/node/extensionHostProcess.js:118:15303)
	at Py.jb (file:///usr/lib/code/out/vs/workbench/api/node/extensionHostProcess.js:118:15048)
	at file:///usr/lib/code/out/vs/workbench/api/node/extensionHostProcess.js:118:13206
	at async Gb.n (file:///usr/lib/code/out/vs/workbench/api/node/extensionHostProcess.js:114:13382)
	at async Gb.m (file:///usr/lib/code/out/vs/workbench/api/node/extensionHostProcess.js:114:13345)
	at async Gb.l (file:///usr/lib/code/out/vs/workbench/api/node/extensionHostProcess.js:114:12801)
2025-10-23 18:17:15.334 [error] Error: Extension 'ms-python.python' CANNOT use API proposal: testObserver.
Its package.json#enabledApiProposals-property declares:  but NOT testObserver.
 The missing proposal MUST be added and you must start in extension development mode or use the following command line switch: --enable-proposed-api ms-python.python
	at T (file:///usr/lib/code/out/vs/workbench/api/node/extensionHostProcess.js:108:33264)
	at get testResults (file:///usr/lib/code/out/vs/workbench/api/node/extensionHostProcess.js:201:107449)
	at x.activate (/home/devm4n/.vscode-oss/extensions/ms-python.python-2025.16.0-universal/out/client/extension.js:2:946549)
	at /home/devm4n/.vscode-oss/extensions/ms-python.python-2025.16.0-universal/out/client/extension.js:2:2457
	at Array.map (<anonymous>)
	at v.activateWorkspace (/home/devm4n/.vscode-oss/extensions/ms-python.python-2025.16.0-universal/out/client/extension.js:2:2447)
2025-10-23 18:17:53.024 [info] ExtensionService#_doActivateExtension djls.django-language-server, startup: false, activationEvent: 'onLanguage:python'
2025-10-23 18:17:57.491 [info] ExtensionService#_doActivateExtension monosans.djlint, startup: false, activationEvent: 'onStartupFinished'
2025-10-23 18:18:24.693 [info] ExtensionService#_doActivateExtension njpwerner.autodocstring, startup: false, activationEvent: 'onLanguage:python'
2025-10-23 18:18:24.753 [info] ExtensionService#_doActivateExtension KevinRose.vsc-python-indent, startup: false, activationEvent: 'onLanguage:python'
2025-10-23 18:36:31.223 [error] Error: command 'workbench.action.output.show.extension-output-ms-python.vscode-pylance-#1-Django Language Server' not found
    at gJe.n (vscode-file://vscode-app/usr/lib/code/out/vs/workbench/workbench.desktop.main.js:1337:3892)
    at gJe.executeCommand (vscode-file://vscode-app/usr/lib/code/out/vs/workbench/workbench.desktop.main.js:1337:3824)
2025-10-23 19:06:51.062 [info] ExtensionService#_doActivateExtension vscode.configuration-editing, startup: false, activationEvent: 'onLanguage:json'
2025-10-23 19:06:51.439 [info] ExtensionService#_doActivateExtension vscode.extension-editing, startup: false, activationEvent: 'onLanguage:json'
2025-10-23 19:06:51.770 [info] ExtensionService#_doActivateExtension vscode.json-language-features, startup: false, activationEvent: 'onLanguage:json'
2025-10-23 19:06:51.995 [info] ExtensionService#_doActivateExtension vscode.npm, startup: false, activationEvent: 'onLanguage:json'
2025-10-23 19:12:36.233 [info] ExtensionService#_doActivateExtension vscode.typescript-language-features, startup: false, activationEvent: 'onLanguage:jsonc'
2025-10-23 19:13:57.830 [info] ExtensionService#_doActivateExtension yy0931.vscode-sqlite3-editor, startup: false, activationEvent: 'onStartupFinished'
2025-10-23 19:26:11.866 [info] ExtensionService#_doActivateExtension vscode.markdown-language-features, startup: false, activationEvent: 'onLanguage:markdown'
2025-10-23 19:26:15.955 [info] ExtensionService#_doActivateExtension vscode.markdown-math, startup: false, activationEvent: 'api', root cause: vscode.markdown-language-features
