2025-10-24 16:48:57.674 [info] Getting Manifest... shishirsingh.easy-react-snippet
2025-10-24 16:48:59.434 [info] Installing extension: shishirsingh.easy-react-snippet {"isMachineScoped":false,"installPreReleaseVersion":false,"pinned":false,"profileLocation":{"$mid":1,"external":"vscode-userdata:/home/devm4n/.vscode-oss/extensions/extensions.json","path":"/home/devm4n/.vscode-oss/extensions/extensions.json","scheme":"vscode-userdata"},"isApplicationScoped":false,"productVersion":{"version":"1.105.0","date":"2025-10-09T19:24:35.992Z"}}
2025-10-24 16:49:07.417 [info] Extension signature verification result for shishirsingh.easy-react-snippet: Success. Executed: true. Duration: 1791ms.
2025-10-24 16:49:07.676 [info] Extracted extension to file:///home/devm4n/.vscode-oss/extensions/shishirsingh.easy-react-snippet-0.2.0-universal: shishirsingh.easy-react-snippet
2025-10-24 16:49:07.766 [info] Renamed to /home/devm4n/.vscode-oss/extensions/shishirsingh.easy-react-snippet-0.2.0-universal
2025-10-24 16:49:07.879 [info] Extension installed successfully: shishirsingh.easy-react-snippet vscode-userdata:/home/devm4n/.vscode-oss/extensions/extensions.json
2025-10-24 16:49:23.415 [info] Getting Manifest... dsznajder.es7-react-js-snippets
2025-10-24 16:49:23.893 [info] Installing extension: dsznajder.es7-react-js-snippets {"isMachineScoped":false,"installPreReleaseVersion":false,"pinned":false,"profileLocation":{"$mid":1,"external":"vscode-userdata:/home/devm4n/.vscode-oss/extensions/extensions.json","path":"/home/devm4n/.vscode-oss/extensions/extensions.json","scheme":"vscode-userdata"},"isApplicationScoped":false,"productVersion":{"version":"1.105.0","date":"2025-10-09T19:24:35.992Z"}}
2025-10-24 16:49:35.093 [info] Extension signature verification result for dsznajder.es7-react-js-snippets: Success. Executed: true. Duration: 1349ms.
2025-10-24 16:49:35.695 [info] Extracted extension to file:///home/devm4n/.vscode-oss/extensions/dsznajder.es7-react-js-snippets-4.4.3-universal: dsznajder.es7-react-js-snippets
2025-10-24 16:49:35.787 [info] Renamed to /home/devm4n/.vscode-oss/extensions/dsznajder.es7-react-js-snippets-4.4.3-universal
2025-10-24 16:49:35.924 [info] Extension installed successfully: dsznajder.es7-react-js-snippets vscode-userdata:/home/devm4n/.vscode-oss/extensions/extensions.json
2025-10-24 17:30:57.750 [info] Getting Manifest... kylinideteam.python
2025-10-24 17:31:00.014 [info] Installing extension: kylinideteam.python {"isMachineScoped":false,"installPreReleaseVersion":false,"pinned":false,"profileLocation":{"$mid":1,"external":"vscode-userdata:/home/devm4n/.vscode-oss/extensions/extensions.json","path":"/home/devm4n/.vscode-oss/extensions/extensions.json","scheme":"vscode-userdata"},"isApplicationScoped":false,"productVersion":{"version":"1.105.0","date":"2025-10-09T19:24:35.992Z"}}
2025-10-24 17:31:17.375 [info] Getting Manifest... mikoz.black-py
2025-10-24 17:31:18.694 [info] Installing extension: mikoz.black-py {"isMachineScoped":false,"installPreReleaseVersion":false,"pinned":false,"profileLocation":{"$mid":1,"external":"vscode-userdata:/home/devm4n/.vscode-oss/extensions/extensions.json","path":"/home/devm4n/.vscode-oss/extensions/extensions.json","scheme":"vscode-userdata"},"isApplicationScoped":false,"productVersion":{"version":"1.105.0","date":"2025-10-09T19:24:35.992Z"}}
2025-10-24 17:31:19.430 [error] Error while getting the latest version for the extension ms-python.python. SyntaxError: Unexpected token '<', "<!DOCTYPE "... is not valid JSON:
<!DOCTYPE html>
<html lang="en">

<head>
    <title>Open VSX Registry</title>
    <meta charset="UTF-8">
    <meta name="viewport" content="width=device-width, initial-scale=1">
    <link rel="stylesheet" href="https://fonts.googleapis.com/css?family=Roboto:300,400,500,700&display=swap" />

    <!-- Google Tag Manager -->
    <script>(function(w,d,s,l,i){w[l]=w[l]||[];w[l].push({'gtm.start':
    new Date().getTime(),event:'gtm.js'});var f=d.getElementsByTagName(s)[0],
    j=d.createElement(s),dl=l!='dataLayer'?'&l='+l:'';j.async=true;j.src=
    'https://www.googletagmanager.com/gtm.js?id='+i+dl;f.parentNode.insertBefore(j,f);
    })(window,document,'script','dataLayer','GTM-5WLCZXC');</script>

    <!-- Eclipse Cookie Consent -->
    <link rel="stylesheet" type="text/css"
        href="//www.eclipse.org/eclipse.org-common/themes/solstice/public/stylesheets/vendor/cookieconsent/cookieconsent.min.css" />
    <script
        src="//www.eclipse.org/eclipse.org-common/themes/solstice/public/javascript/vendor/cookieconsent/default.min.js">
    </script>
    <style>
        a.cc-btn.cc-allow {
            background-color: #c160ef;
        }
        a.cc-btn.cc-allow:hover, a.cc-btn.cc-allow:focus {
            background-color: #444;
        }
        .cc-revoke {
            display: none !important;
        }
        @media (prefers-color-scheme: dark) {
          body {
            background-color: #121212;
          }
        }
    </style>
</head>

<body>
    <!-- Google Tag Manager (noscript) -->
    <noscript><iframe title="Google Tag Manager" src="https://www.googletagmanager.com/ns.html?id=GTM-5WLCZXC" height="0" width="0" style="display:none;visibility:hidden"></iframe></noscript>
    <!-- End Google Tag Manager (noscript) -->
    <div id="main"></div>
    <script src='/bundle.js' ></script>
</body>

</html>

2025-10-24 17:31:19.725 [info] Getting Manifest... ms-python.python
2025-10-24 17:31:23.826 [info] Extension signature verification result for mikoz.black-py: Success. Executed: true. Duration: 1595ms.
2025-10-24 17:31:23.950 [info] Extracted extension to file:///home/devm4n/.vscode-oss/extensions/mikoz.black-py-1.0.3-universal: mikoz.black-py
2025-10-24 17:31:24.126 [info] Renamed to /home/devm4n/.vscode-oss/extensions/mikoz.black-py-1.0.3-universal
2025-10-24 17:31:24.261 [info] Extension installed successfully: mikoz.black-py vscode-userdata:/home/devm4n/.vscode-oss/extensions/extensions.json
2025-10-24 17:31:49.997 [info] Extension signature verification result for kylinideteam.python: Success. Executed: true. Duration: 2179ms.
2025-10-24 17:31:58.658 [info] Extracted extension to file:///home/devm4n/.vscode-oss/extensions/kylinideteam.python-0.3.5-universal: kylinideteam.python
2025-10-24 17:31:59.197 [info] Renamed to /home/devm4n/.vscode-oss/extensions/kylinideteam.python-0.3.5-universal
2025-10-24 17:31:59.335 [info] Extension installed successfully: kylinideteam.python vscode-userdata:/home/devm4n/.vscode-oss/extensions/extensions.json
