2025-10-24 16:46:39.562 [info] Extension host with pid 960 started
2025-10-24 16:46:39.563 [info] Skipping acquiring lock for /home/devm4n/.config/Code - OSS/User/workspaceStorage/6c6d49e1a058d2c41fbe5016d8d016d9.
2025-10-24 16:46:40.447 [info] ExtensionService#_doActivateExtension vscode.emmet, startup: false, activationEvent: 'onLanguage'
2025-10-24 16:46:40.569 [info] ExtensionService#_doActivateExtension vscode.extension-editing, startup: false, activationEvent: 'onLanguage:markdown'
2025-10-24 16:46:40.619 [info] ExtensionService#_doActivateExtension vscode.markdown-language-features, startup: false, activationEvent: 'onLanguage:markdown'
2025-10-24 16:46:42.777 [info] ExtensionService#_doActivateExtension vscode.git-base, startup: true, activationEvent: '*', root cause: vscode.git
2025-10-24 16:46:42.859 [info] ExtensionService#_doActivateExtension dlasagno.wal-theme, startup: true, activationEvent: '*'
2025-10-24 16:46:43.101 [info] ExtensionService#_doActivateExtension ms-python.python, startup: true, activationEvent: 'workspaceContains:.venv'
2025-10-24 16:46:44.443 [info] ExtensionService#_doActivateExtension batisteo.vscode-django, startup: false, activationEvent: 'onLanguage:python'
2025-10-24 16:46:44.548 [info] ExtensionService#_doActivateExtension djls.django-language-server, startup: false, activationEvent: 'onLanguage:python'
2025-10-24 16:46:44.896 [info] ExtensionService#_doActivateExtension KevinRose.vsc-python-indent, startup: false, activationEvent: 'onLanguage:python'
2025-10-24 16:46:45.072 [info] ExtensionService#_doActivateExtension ms-python.vscode-python-envs, startup: false, activationEvent: 'onLanguage:python'
2025-10-24 16:46:45.696 [info] ExtensionService#_doActivateExtension njpwerner.autodocstring, startup: false, activationEvent: 'onLanguage:python'
2025-10-24 16:46:46.653 [info] ExtensionService#_doActivateExtension vscode.git, startup: true, activationEvent: '*'
2025-10-24 16:46:46.980 [info] ExtensionService#_doActivateExtension vscode.github, startup: true, activationEvent: '*'
2025-10-24 16:46:49.514 [info] Eager extensions activated
2025-10-24 16:46:49.702 [info] ExtensionService#_doActivateExtension ms-python.debugpy, startup: false, activationEvent: 'onLanguage:python'
2025-10-24 16:46:49.997 [info] ExtensionService#_doActivateExtension vscode.debug-auto-launch, startup: false, activationEvent: 'onStartupFinished'
2025-10-24 16:46:50.031 [info] ExtensionService#_doActivateExtension vscode.merge-conflict, startup: false, activationEvent: 'onStartupFinished'
2025-10-24 16:46:50.117 [info] ExtensionService#_doActivateExtension monosans.djlint, startup: false, activationEvent: 'onStartupFinished'
2025-10-24 16:46:50.195 [info] ExtensionService#_doActivateExtension yy0931.vscode-sqlite3-editor, startup: false, activationEvent: 'onStartupFinished'
2025-10-24 16:46:50.540 [info] ExtensionService#_doActivateExtension vscode.github-authentication, startup: false, activationEvent: 'onAuthenticationRequest:github'
2025-10-24 16:46:50.735 [error] Activating extension ms-python.debugpy failed due to an error:
2025-10-24 16:46:50.736 [error] Error: Extension 'ms-python.debugpy' CANNOT use API proposal: portsAttributes.
Its package.json#enabledApiProposals-property declares:  but NOT portsAttributes.
 The missing proposal MUST be added and you must start in extension development mode or use the following command line switch: --enable-proposed-api ms-python.debugpy
	at T (file:///usr/lib/code/out/vs/workbench/api/node/extensionHostProcess.js:108:33264)
	at Object.registerPortAttributesProvider (file:///usr/lib/code/out/vs/workbench/api/node/extensionHostProcess.js:201:124044)
	at t.registerDebugger (/home/devm4n/.vscode-oss/extensions/ms-python.debugpy-2025.14.1-linux-x64/dist/extension.js:2:862293)
	at e.activate (/home/devm4n/.vscode-oss/extensions/ms-python.debugpy-2025.14.1-linux-x64/dist/extension.js:2:1113992)
	at Py.kb (file:///usr/lib/code/out/vs/workbench/api/node/extensionHostProcess.js:118:15303)
	at Py.jb (file:///usr/lib/code/out/vs/workbench/api/node/extensionHostProcess.js:118:15048)
	at file:///usr/lib/code/out/vs/workbench/api/node/extensionHostProcess.js:118:13206
	at async Gb.n (file:///usr/lib/code/out/vs/workbench/api/node/extensionHostProcess.js:114:13382)
	at async Gb.m (file:///usr/lib/code/out/vs/workbench/api/node/extensionHostProcess.js:114:13345)
	at async Gb.l (file:///usr/lib/code/out/vs/workbench/api/node/extensionHostProcess.js:114:12801)
2025-10-24 16:46:52.118 [error] Error: Extension 'ms-python.python' CANNOT use API proposal: testObserver.
Its package.json#enabledApiProposals-property declares:  but NOT testObserver.
 The missing proposal MUST be added and you must start in extension development mode or use the following command line switch: --enable-proposed-api ms-python.python
	at T (file:///usr/lib/code/out/vs/workbench/api/node/extensionHostProcess.js:108:33264)
	at get testResults (file:///usr/lib/code/out/vs/workbench/api/node/extensionHostProcess.js:201:107449)
	at x.activate (/home/devm4n/.vscode-oss/extensions/ms-python.python-2025.16.0-universal/out/client/extension.js:2:946549)
	at /home/devm4n/.vscode-oss/extensions/ms-python.python-2025.16.0-universal/out/client/extension.js:2:2457
	at Array.map (<anonymous>)
	at v.activateWorkspace (/home/devm4n/.vscode-oss/extensions/ms-python.python-2025.16.0-universal/out/client/extension.js:2:2447)
2025-10-24 16:47:13.147 [info] ExtensionService#_doActivateExtension vscode.configuration-editing, startup: false, activationEvent: 'onLanguage:json'
2025-10-24 16:47:13.216 [info] ExtensionService#_doActivateExtension vscode.json-language-features, startup: false, activationEvent: 'onLanguage:json'
2025-10-24 16:47:13.566 [info] ExtensionService#_doActivateExtension vscode.npm, startup: false, activationEvent: 'onLanguage:json'
2025-10-24 16:47:24.929 [info] ExtensionService#_doActivateExtension vscode.typescript-language-features, startup: false, activationEvent: 'onLanguage:javascriptreact'
2025-10-24 16:49:08.115 [info] ExtensionService#_doActivateExtension vscode.markdown-math, startup: false, activationEvent: 'api', root cause: vscode.markdown-language-features
2025-10-24 16:49:36.260 [info] ExtensionService#_doActivateExtension dsznajder.es7-react-js-snippets, startup: false, activationEvent: 'onStartupFinished'
2025-10-24 16:54:07.393 [info] ExtensionService#_doActivateExtension vscode.css-language-features, startup: false, activationEvent: 'onLanguage:css'
2025-10-24 17:31:24.615 [info] ExtensionService#_doActivateExtension mikoz.black-py, startup: false, activationEvent: 'onLanguage:python'
2025-10-24 17:31:45.554 [info] ExtensionService#_doActivateExtension vscode.terminal-suggest, startup: false, activationEvent: 'onTerminalShellIntegration:*'
2025-10-24 17:32:01.350 [info] ExtensionService#_doActivateExtension KylinIDETeam.python, startup: false, activationEvent: 'onLanguage:python'
2025-10-24 17:32:04.030 [error] Activating extension KylinIDETeam.python failed due to an error:
2025-10-24 17:32:04.030 [error] Error: command 'python.viewOutput' already exists
	at iy.registerCommand (file:///usr/lib/code/out/vs/workbench/api/node/extensionHostProcess.js:114:40315)
	at Object.registerCommand (file:///usr/lib/code/out/vs/workbench/api/node/extensionHostProcess.js:201:104312)
	at s.registerCommand (/home/devm4n/.vscode-oss/extensions/kylinideteam.python-0.3.5-universal/out/client/extension.js:2:103327)
	at /home/devm4n/.vscode-oss/extensions/kylinideteam.python-0.3.5-universal/out/client/extension.js:2:421971
	at async t.activateComponents (/home/devm4n/.vscode-oss/extensions/kylinideteam.python-0.3.5-universal/out/client/extension.js:2:420850)
	at async /home/devm4n/.vscode-oss/extensions/kylinideteam.python-0.3.5-universal/out/client/extension.js:2:2640131
	at async e (/home/devm4n/.vscode-oss/extensions/kylinideteam.python-0.3.5-universal/out/client/extension.js:2:2639663)
	at async Gb.n (file:///usr/lib/code/out/vs/workbench/api/node/extensionHostProcess.js:114:13382)
	at async Gb.m (file:///usr/lib/code/out/vs/workbench/api/node/extensionHostProcess.js:114:13345)
	at async Gb.l (file:///usr/lib/code/out/vs/workbench/api/node/extensionHostProcess.js:114:12801)
2025-10-24 17:35:57.111 [info] Extension host terminating: renderer closed the MessagePort
2025-10-24 17:35:57.447 [error] TypeError: Cannot read properties of undefined (reading 'subscriptions')
	at Object.X [as deactivate] (/home/devm4n/.vscode-oss/extensions/ms-python.vscode-python-envs-1.10.0-universal/dist/extension.js:2:668378)
	at SZ.eb (file:///usr/lib/code/out/vs/workbench/api/node/extensionHostProcess.js:118:11797)
	at file:///usr/lib/code/out/vs/workbench/api/node/extensionHostProcess.js:118:9947
	at Array.map (<anonymous>)
	at SZ.$ (file:///usr/lib/code/out/vs/workbench/api/node/extensionHostProcess.js:118:9935)
	at SZ.terminate (file:///usr/lib/code/out/vs/workbench/api/node/extensionHostProcess.js:118:10178)
	at H3.terminate (file:///usr/lib/code/out/vs/workbench/api/node/extensionHostProcess.js:120:914)
	at Ss (file:///usr/lib/code/out/vs/workbench/api/node/extensionHostProcess.js:393:10409)
	at MessagePortMain.<anonymous> (file:///usr/lib/code/out/vs/workbench/api/node/extensionHostProcess.js:393:6948)
	at MessagePortMain.emit (node:events:519:28)
	at MessagePortMain._internalPort.emit (node:electron/js2c/utility_init:2:2949)
2025-10-24 17:35:57.612 [info] Extension host with pid 960 exiting with code 0
